#
# There is insufficient memory for the Java Runtime Environment to continue.
# Native memory allocation (malloc) failed to allocate 2153456 bytes for Chunk::new
# Possible reasons:
#   The system is out of physical RAM or swap space
#   The process is running with CompressedOops enabled, and the Java Heap may be blocking the growth of the native heap
# Possible solutions:
#   Reduce memory load on the system
#   Increase physical memory or swap space
#   Check if swap backing store is full
#   Decrease Java heap size (-Xmx/-Xms)
#   Decrease number of Java threads
#   Decrease Java thread stack sizes (-Xss)
#   Set larger code cache with -XX:ReservedCodeCacheSize=
#   JVM is running with Unscaled Compressed Oops mode in which the Java heap is
#     placed in the first 4GB address space. The Java Heap base address is the
#     maximum limit for the native heap growth. Please use -XX:HeapBaseMinAddress
#     to set the Java Heap base and to place the Java Heap above 4GB virtual address.
# This output file may be truncated or incomplete.
#
#  Out of Memory Error (allocation.cpp:390), pid=2580, tid=0x0000000000001748
#
# JRE version: Java(TM) SE Runtime Environment (8.0_201-b09) (build 1.8.0_201-b09)
# Java VM: Java HotSpot(TM) 64-Bit Server VM (25.201-b09 mixed mode windows-amd64 compressed oops)
# Failed to write core dump. Minidumps are not enabled by default on client versions of Windows
#

---------------  T H R E A D  ---------------

Current thread (0x0000000015d05000):  JavaThread "C2 CompilerThread0" daemon [_thread_in_native, id=5960, stack(0x0000000017330000,0x0000000017430000)]

Stack: [0x0000000017330000,0x0000000017430000]
[error occurred during error reporting (printing stack bounds), id 0xc0000005]

Native frames: (J=compiled Java code, j=interpreted, Vv=VM code, C=native code)


Current CompileTask:
C2:  12304 2341       4       java.net.URLClassLoader$1::run (5 bytes)


---------------  P R O C E S S  ---------------

Java Threads: ( => current thread )
  0x0000000018093800 JavaThread "ReaderThread" [_thread_in_native, id=6252, stack(0x0000000018430000,0x0000000018530000)]
  0x0000000015d4b000 JavaThread "Service Thread" daemon [_thread_blocked, id=6484, stack(0x0000000017630000,0x0000000017730000)]
  0x0000000015d11000 JavaThread "C1 CompilerThread2" daemon [_thread_blocked, id=4580, stack(0x0000000017530000,0x0000000017630000)]
  0x0000000015d07000 JavaThread "C2 CompilerThread1" daemon [_thread_blocked, id=4476, stack(0x0000000017430000,0x0000000017530000)]
=>0x0000000015d05000 JavaThread "C2 CompilerThread0" daemon [_thread_in_native, id=5960, stack(0x0000000017330000,0x0000000017430000)]
  0x0000000015d00000 JavaThread "Attach Listener" daemon [_thread_blocked, id=6048, stack(0x0000000017230000,0x0000000017330000)]
  0x0000000015cfe800 JavaThread "Signal Dispatcher" daemon [_thread_blocked, id=5400, stack(0x0000000017130000,0x0000000017230000)]
  0x0000000015cdd000 JavaThread "Finalizer" daemon [_thread_blocked, id=3676, stack(0x0000000016f40000,0x0000000017040000)]
  0x0000000002467000 JavaThread "Reference Handler" daemon [_thread_blocked, id=448, stack(0x0000000016e40000,0x0000000016f40000)]
  0x0000000002377000 JavaThread "main" [_thread_in_Java, id=2692, stack(0x0000000002260000,0x0000000002360000)]

Other Threads:
  0x0000000015cb7800 VMThread [stack: 0x0000000016d40000,0x0000000016e40000] [id=484]
  0x0000000015d4e000 WatcherThread [stack: 0x0000000017b30000,0x0000000017c30000] [id=8340]

VM state:not at safepoint (normal execution)

VM Mutex/Monitor currently owned by a thread: None

heap address: 0x00000000a1c00000, size: 1508 MB, Compressed Oops mode: 32-bit
Narrow klass base: 0x0000000000000000, Narrow klass shift: 3
Compressed class space size: 1073741824 Address: 0x0000000100000000

Heap:
 PSYoungGen      total 102400K, used 92017K [0x00000000e0980000, 0x00000000e8200000, 0x0000000100000000)
  eden space 94208K, 92% used [0x00000000e0980000,0x00000000e5e83f08,0x00000000e6580000)
  from space 8192K, 60% used [0x00000000e7a00000,0x00000000e7ed87f8,0x00000000e8200000)
  to   space 8192K, 0% used [0x00000000e6580000,0x00000000e6580000,0x00000000e6d80000)
 ParOldGen       total 46080K, used 6007K [0x00000000a1c00000, 0x00000000a4900000, 0x00000000e0980000)
  object space 46080K, 13% used [0x00000000a1c00000,0x00000000a21dde20,0x00000000a4900000)
 Metaspace       used 25306K, capacity 26932K, committed 27184K, reserved 1073152K
  class space    used 3303K, capacity 3620K, committed 3632K, reserved 1048576K

Card table byte_map: [0x0000000011830000,0x0000000011b30000] byte_map_base: 0x0000000011322000

Marking Bits: (ParMarkBitMap*) 0x0000000064914ce0
 Begin Bits: [0x0000000012130000, 0x00000000138c0000)
 End Bits:   [0x00000000138c0000, 0x0000000015050000)

Polling page: 0x0000000000960000

CodeCache: size=245760Kb used=7842Kb max_used=7842Kb free=237917Kb
 bounds [0x0000000002470000, 0x0000000002c20000, 0x0000000011470000]
 total_blobs=2722 nmethods=2352 adapters=282
 compilation: enabled

Compilation events (10 events):
Event: 12.233 Thread 0x0000000015d11000 2495       3       java.lang.invoke.BoundMethodHandle::rebind (14 bytes)
Event: 12.236 Thread 0x0000000015d11000 nmethod 2495 0x0000000002c02210 code [0x0000000002c023e0, 0x0000000002c02af8]
Event: 12.236 Thread 0x0000000015d11000 2496       3       java.lang.invoke.BoundMethodHandle::tooComplex (27 bytes)
Event: 12.237 Thread 0x0000000015d11000 nmethod 2496 0x0000000002c01c50 code [0x0000000002c01dc0, 0x0000000002c02108]
Event: 12.237 Thread 0x0000000015d11000 2498       3       java.lang.invoke.AbstractValidatingLambdaMetafactory::validateMetafactoryArgs (864 bytes)
Event: 12.276 Thread 0x0000000015d11000 nmethod 2498 0x0000000002c02e10 code [0x0000000002c03d20, 0x0000000002c10148]
Event: 12.276 Thread 0x0000000015d11000 2499   !   3       java.lang.invoke.InnerClassLambdaMetafactory::buildCallSite (156 bytes)
Event: 12.282 Thread 0x0000000015d11000 nmethod 2499 0x0000000002c1b150 code [0x0000000002c1b4a0, 0x0000000002c1cee8]
Event: 12.282 Thread 0x0000000015d11000 2497       3       java.lang.invoke.LambdaForm$BMH/1540011289::reinvoke (89 bytes)
Event: 12.286 Thread 0x0000000015d11000 nmethod 2497 0x0000000002c1dc90 code [0x0000000002c1df20, 0x0000000002c1f348]

GC Heap History (10 events):
Event: 7.884 GC heap before
{Heap before GC invocations=5 (full 0):
 PSYoungGen      total 53248K, used 19348K [0x00000000e0980000, 0x00000000e4180000, 0x0000000100000000)
  eden space 49152K, 31% used [0x00000000e0980000,0x00000000e186c740,0x00000000e3980000)
  from space 4096K, 99% used [0x00000000e3d80000,0x00000000e4178a98,0x00000000e4180000)
  to   space 4096K, 0% used [0x00000000e3980000,0x00000000e3980000,0x00000000e3d80000)
 ParOldGen       total 65536K, used 5119K [0x00000000a1c00000, 0x00000000a5c00000, 0x00000000e0980000)
  object space 65536K, 7% used [0x00000000a1c00000,0x00000000a20ffd50,0x00000000a5c00000)
 Metaspace       used 19976K, capacity 21248K, committed 21296K, reserved 1067008K
  class space    used 2573K, capacity 2844K, committed 2864K, reserved 1048576K
Event: 7.910 GC heap after
Heap after GC invocations=5 (full 0):
 PSYoungGen      total 53248K, used 4082K [0x00000000e0980000, 0x00000000e7980000, 0x0000000100000000)
  eden space 49152K, 0% used [0x00000000e0980000,0x00000000e0980000,0x00000000e3980000)
  from space 4096K, 99% used [0x00000000e3980000,0x00000000e3d7caa8,0x00000000e3d80000)
  to   space 8192K, 0% used [0x00000000e7180000,0x00000000e7180000,0x00000000e7980000)
 ParOldGen       total 65536K, used 7112K [0x00000000a1c00000, 0x00000000a5c00000, 0x00000000e0980000)
  object space 65536K, 10% used [0x00000000a1c00000,0x00000000a22f2178,0x00000000a5c00000)
 Metaspace       used 19976K, capacity 21248K, committed 21296K, reserved 1067008K
  class space    used 2573K, capacity 2844K, committed 2864K, reserved 1048576K
}
Event: 7.910 GC heap before
{Heap before GC invocations=6 (full 1):
 PSYoungGen      total 53248K, used 4082K [0x00000000e0980000, 0x00000000e7980000, 0x0000000100000000)
  eden space 49152K, 0% used [0x00000000e0980000,0x00000000e0980000,0x00000000e3980000)
  from space 4096K, 99% used [0x00000000e3980000,0x00000000e3d7caa8,0x00000000e3d80000)
  to   space 8192K, 0% used [0x00000000e7180000,0x00000000e7180000,0x00000000e7980000)
 ParOldGen       total 65536K, used 7112K [0x00000000a1c00000, 0x00000000a5c00000, 0x00000000e0980000)
  object space 65536K, 10% used [0x00000000a1c00000,0x00000000a22f2178,0x00000000a5c00000)
 Metaspace       used 19976K, capacity 21248K, committed 21296K, reserved 1067008K
  class space    used 2573K, capacity 2844K, committed 2864K, reserved 1048576K
Event: 8.084 GC heap after
Heap after GC invocations=6 (full 1):
 PSYoungGen      total 53248K, used 0K [0x00000000e0980000, 0x00000000e7980000, 0x0000000100000000)
  eden space 49152K, 0% used [0x00000000e0980000,0x00000000e0980000,0x00000000e3980000)
  from space 4096K, 0% used [0x00000000e3980000,0x00000000e3980000,0x00000000e3d80000)
  to   space 8192K, 0% used [0x00000000e7180000,0x00000000e7180000,0x00000000e7980000)
 ParOldGen       total 46080K, used 5983K [0x00000000a1c00000, 0x00000000a4900000, 0x00000000e0980000)
  object space 46080K, 12% used [0x00000000a1c00000,0x00000000a21d7e20,0x00000000a4900000)
 Metaspace       used 19976K, capacity 21248K, committed 21296K, reserved 1067008K
  class space    used 2573K, capacity 2844K, committed 2864K, reserved 1048576K
}
Event: 9.456 GC heap before
{Heap before GC invocations=7 (full 1):
 PSYoungGen      total 53248K, used 49152K [0x00000000e0980000, 0x00000000e7980000, 0x0000000100000000)
  eden space 49152K, 100% used [0x00000000e0980000,0x00000000e3980000,0x00000000e3980000)
  from space 4096K, 0% used [0x00000000e3980000,0x00000000e3980000,0x00000000e3d80000)
  to   space 8192K, 0% used [0x00000000e7180000,0x00000000e7180000,0x00000000e7980000)
 ParOldGen       total 46080K, used 5983K [0x00000000a1c00000, 0x00000000a4900000, 0x00000000e0980000)
  object space 46080K, 12% used [0x00000000a1c00000,0x00000000a21d7e20,0x00000000a4900000)
 Metaspace       used 22301K, capacity 23732K, committed 23984K, reserved 1071104K
  class space    used 2872K, capacity 3160K, committed 3248K, reserved 1048576K
Event: 9.467 GC heap after
Heap after GC invocations=7 (full 1):
 PSYoungGen      total 77312K, used 3952K [0x00000000e0980000, 0x00000000e7580000, 0x0000000100000000)
  eden space 73216K, 0% used [0x00000000e0980000,0x00000000e0980000,0x00000000e5100000)
  from space 4096K, 96% used [0x00000000e7180000,0x00000000e755c290,0x00000000e7580000)
  to   space 8192K, 0% used [0x00000000e6580000,0x00000000e6580000,0x00000000e6d80000)
 ParOldGen       total 46080K, used 5991K [0x00000000a1c00000, 0x00000000a4900000, 0x00000000e0980000)
  object space 46080K, 13% used [0x00000000a1c00000,0x00000000a21d9e20,0x00000000a4900000)
 Metaspace       used 22301K, capacity 23732K, committed 23984K, reserved 1071104K
  class space    used 2872K, capacity 3160K, committed 3248K, reserved 1048576K
}
Event: 10.013 GC heap before
{Heap before GC invocations=8 (full 1):
 PSYoungGen      total 77312K, used 77168K [0x00000000e0980000, 0x00000000e7580000, 0x0000000100000000)
  eden space 73216K, 100% used [0x00000000e0980000,0x00000000e5100000,0x00000000e5100000)
  from space 4096K, 96% used [0x00000000e7180000,0x00000000e755c290,0x00000000e7580000)
  to   space 8192K, 0% used [0x00000000e6580000,0x00000000e6580000,0x00000000e6d80000)
 ParOldGen       total 46080K, used 5991K [0x00000000a1c00000, 0x00000000a4900000, 0x00000000e0980000)
  object space 46080K, 13% used [0x00000000a1c00000,0x00000000a21d9e20,0x00000000a4900000)
 Metaspace       used 22599K, capacity 24074K, committed 24240K, reserved 1071104K
  class space    used 2899K, capacity 3197K, committed 3248K, reserved 1048576K
Event: 10.020 GC heap after
Heap after GC invocations=8 (full 1):
 PSYoungGen      total 102400K, used 2650K [0x00000000e0980000, 0x00000000e8200000, 0x0000000100000000)
  eden space 94208K, 0% used [0x00000000e0980000,0x00000000e0980000,0x00000000e6580000)
  from space 8192K, 32% used [0x00000000e6580000,0x00000000e6816918,0x00000000e6d80000)
  to   space 8192K, 0% used [0x00000000e7a00000,0x00000000e7a00000,0x00000000e8200000)
 ParOldGen       total 46080K, used 5999K [0x00000000a1c00000, 0x00000000a4900000, 0x00000000e0980000)
  object space 46080K, 13% used [0x00000000a1c00000,0x00000000a21dbe20,0x00000000a4900000)
 Metaspace       used 22599K, capacity 24074K, committed 24240K, reserved 1071104K
  class space    used 2899K, capacity 3197K, committed 3248K, reserved 1048576K
}
Event: 10.752 GC heap before
{Heap before GC invocations=9 (full 1):
 PSYoungGen      total 102400K, used 96858K [0x00000000e0980000, 0x00000000e8200000, 0x0000000100000000)
  eden space 94208K, 100% used [0x00000000e0980000,0x00000000e6580000,0x00000000e6580000)
  from space 8192K, 32% used [0x00000000e6580000,0x00000000e6816918,0x00000000e6d80000)
  to   space 8192K, 0% used [0x00000000e7a00000,0x00000000e7a00000,0x00000000e8200000)
 ParOldGen       total 46080K, used 5999K [0x00000000a1c00000, 0x00000000a4900000, 0x00000000e0980000)
  object space 46080K, 13% used [0x00000000a1c00000,0x00000000a21dbe20,0x00000000a4900000)
 Metaspace       used 23049K, capacity 24496K, committed 24496K, reserved 1071104K
  class space    used 2955K, capacity 3248K, committed 3248K, reserved 1048576K
Event: 10.766 GC heap after
Heap after GC invocations=9 (full 1):
 PSYoungGen      total 102400K, used 4961K [0x00000000e0980000, 0x00000000e8200000, 0x0000000100000000)
  eden space 94208K, 0% used [0x00000000e0980000,0x00000000e0980000,0x00000000e6580000)
  from space 8192K, 60% used [0x00000000e7a00000,0x00000000e7ed87f8,0x00000000e8200000)
  to   space 8192K, 0% used [0x00000000e6580000,0x00000000e6580000,0x00000000e6d80000)
 ParOldGen       total 46080K, used 6007K [0x00000000a1c00000, 0x00000000a4900000, 0x00000000e0980000)
  object space 46080K, 13% used [0x00000000a1c00000,0x00000000a21dde20,0x00000000a4900000)
 Metaspace       used 23049K, capacity 24496K, committed 24496K, reserved 1071104K
  class space    used 2955K, capacity 3248K, committed 3248K, reserved 1048576K
}

Deoptimization events (10 events):
Event: 10.351 Thread 0x0000000002377000 Uncommon trap: reason=predicate action=maybe_recompile pc=0x0000000002a9f6cc method=java.util.AbstractCollection.toArray([Ljava/lang/Object;)[Ljava/lang/Object; @ 49
Event: 10.607 Thread 0x0000000002377000 Uncommon trap: reason=unstable_if action=reinterpret pc=0x0000000002ac8600 method=org.springframework.asm.ClassReader.readUtf(II[C)Ljava/lang/String; @ 41
Event: 10.691 Thread 0x0000000002377000 Uncommon trap: reason=array_check action=maybe_recompile pc=0x0000000002b09480 method=java.util.AbstractCollection.toArray([Ljava/lang/Object;)[Ljava/lang/Object; @ 119
Event: 10.691 Thread 0x0000000002377000 Uncommon trap: reason=array_check action=maybe_recompile pc=0x0000000002b09480 method=java.util.AbstractCollection.toArray([Ljava/lang/Object;)[Ljava/lang/Object; @ 119
Event: 10.692 Thread 0x0000000002377000 Uncommon trap: reason=array_check action=maybe_recompile pc=0x0000000002b09480 method=java.util.AbstractCollection.toArray([Ljava/lang/Object;)[Ljava/lang/Object; @ 119
Event: 10.698 Thread 0x0000000002377000 Uncommon trap: reason=array_check action=maybe_recompile pc=0x0000000002b09480 method=java.util.AbstractCollection.toArray([Ljava/lang/Object;)[Ljava/lang/Object; @ 119
Event: 11.028 Thread 0x0000000002377000 Uncommon trap: reason=unstable_if action=reinterpret pc=0x0000000002b3f7a8 method=org.springframework.core.annotation.MergedAnnotationsCollection.isMappingForType(Lorg/springframework/core/annotation/AnnotationTypeMapping;Ljava/lang/Object;)Z @ 13
Event: 11.795 Thread 0x0000000002377000 Uncommon trap: reason=unstable_if action=reinterpret pc=0x0000000002bb5318 method=org.springframework.beans.factory.support.AbstractBeanFactory.getMergedLocalBeanDefinition(Ljava/lang/String;)Lorg/springframework/beans/factory/support/RootBeanDefinition; 
Event: 11.872 Thread 0x0000000002377000 Uncommon trap: reason=unstable_if action=reinterpret pc=0x0000000002bafde4 method=org.springframework.beans.factory.support.DefaultSingletonBeanRegistry.getSingleton(Ljava/lang/String;Z)Ljava/lang/Object; @ 20
Event: 11.972 Thread 0x0000000002377000 Uncommon trap: reason=class_check action=maybe_recompile pc=0x0000000002a7c498 method=org.springframework.util.ConcurrentReferenceHashMap$Segment.findInChain(Lorg/springframework/util/ConcurrentReferenceHashMap$Reference;Ljava/lang/Object;I)Lorg/springfra

Classes redefined (0 events):
No events

Internal exceptions (10 events):
Event: 8.355 Thread 0x0000000002377000 Exception <a 'java/lang/ClassNotFoundException': org/springframework/core/OrderedCustomizer> (0x00000000e1075328) thrown at [C:\re\workspace\8-2-build-windows-amd64-cygwin\jdk8u201\12322\hotspot\src\share\vm\classfile\systemDictionary.cpp, line 210]
Event: 8.357 Thread 0x0000000002377000 Exception <a 'java/lang/ClassNotFoundException': org/springframework/context/ResourceLoaderAwareCustomizer> (0x00000000e10925b0) thrown at [C:\re\workspace\8-2-build-windows-amd64-cygwin\jdk8u201\12322\hotspot\src\share\vm\classfile\systemDictionary.cpp, 
Event: 8.358 Thread 0x0000000002377000 Exception <a 'java/lang/ClassNotFoundException': org/springframework/beans/factory/AwareCustomizer> (0x00000000e10ad610) thrown at [C:\re\workspace\8-2-build-windows-amd64-cygwin\jdk8u201\12322\hotspot\src\share\vm\classfile\systemDictionary.cpp, line 210
Event: 8.360 Thread 0x0000000002377000 Exception <a 'java/lang/ClassNotFoundException': org/springframework/beans/factory/BeanClassLoaderAwareCustomizer> (0x00000000e10cc0a8) thrown at [C:\re\workspace\8-2-build-windows-amd64-cygwin\jdk8u201\12322\hotspot\src\share\vm\classfile\systemDictionar
Event: 8.362 Thread 0x0000000002377000 Exception <a 'java/lang/ClassNotFoundException': org/springframework/beans/factory/AwareCustomizer> (0x00000000e10e7170) thrown at [C:\re\workspace\8-2-build-windows-amd64-cygwin\jdk8u201\12322\hotspot\src\share\vm\classfile\systemDictionary.cpp, line 210
Event: 8.363 Thread 0x0000000002377000 Exception <a 'java/lang/ClassNotFoundException': org/springframework/context/EnvironmentAwareCustomizer> (0x00000000e11028d8) thrown at [C:\re\workspace\8-2-build-windows-amd64-cygwin\jdk8u201\12322\hotspot\src\share\vm\classfile\systemDictionary.cpp, lin
Event: 8.366 Thread 0x0000000002377000 Exception <a 'java/lang/ClassNotFoundException': org/springframework/beans/factory/AwareCustomizer> (0x00000000e111d880) thrown at [C:\re\workspace\8-2-build-windows-amd64-cygwin\jdk8u201\12322\hotspot\src\share\vm\classfile\systemDictionary.cpp, line 210
Event: 8.981 Thread 0x0000000002377000 Exception <a 'java/lang/IncompatibleClassChangeError': Found class java.lang.Object, but interface was expected> (0x00000000e217bb90) thrown at [C:\re\workspace\8-2-build-windows-amd64-cygwin\jdk8u201\12322\hotspot\src\share\vm\interpreter\linkResolver.cp
Event: 9.146 Thread 0x0000000002377000 Exception <a 'java/lang/NoSuchMethodError': java.lang.Object.lambda$getAllAnnotationAttributes$0(Lorg/springframework/util/MultiValueMap;)Lorg/springframework/util/MultiValueMap;> (0x00000000e23ca388) thrown at [C:\re\workspace\8-2-build-windows-amd64-cyg
Event: 9.147 Thread 0x0000000002377000 Exception <a 'java/lang/NoSuchMethodError': java.lang.Object.lambda$identity$2(Ljava/lang/Object;)Ljava/lang/Object;> (0x00000000e23cde08) thrown at [C:\re\workspace\8-2-build-windows-amd64-cygwin\jdk8u201\12322\hotspot\src\share\vm\interpreter\linkResolv

Events (10 events):
Event: 12.282 loading class reactor/core/publisher/FluxMap
Event: 12.282 loading class reactor/core/publisher/FluxMap done
Event: 12.285 loading class reactor/core/publisher/FluxZip
Event: 12.285 loading class reactor/core/publisher/FluxZip done
Event: 12.289 loading class reactor/core/publisher/FluxFirstEmitting
Event: 12.289 loading class reactor/core/publisher/FluxFirstEmitting done
Event: 12.291 loading class reactor/core/publisher/FluxMerge
Event: 12.291 loading class reactor/core/publisher/FluxMerge done
Event: 12.293 loading class reactor/core/publisher/FluxFlatMap
Event: 12.293 loading class reactor/core/publisher/FluxFlatMap done


Dynamic libraries:
0x00007ff7fe3b0000 - 0x00007ff7fe3e7000 	C:\Program Files\Java\jdk1.8.0_201\bin\javaw.exe
0x00007ffbed0c0000 - 0x00007ffbed26d000 	C:\WINDOWS\SYSTEM32\ntdll.dll
0x00007ffbec740000 - 0x00007ffbec87a000 	C:\WINDOWS\system32\KERNEL32.DLL
0x00007ffbea660000 - 0x00007ffbea775000 	C:\WINDOWS\system32\KERNELBASE.dll
0x00007ffbe8e20000 - 0x00007ffbe8eae000 	C:\WINDOWS\system32\apphelp.dll
0x00007ffbd91d0000 - 0x00007ffbd9223000 	C:\WINDOWS\AppPatch\AppPatch64\AcGenral.DLL
0x00007ffbeabd0000 - 0x00007ffbeac77000 	C:\WINDOWS\system32\msvcrt.dll
0x00007ffbea630000 - 0x00007ffbea65e000 	C:\WINDOWS\system32\SspiCli.dll
0x00007ffbeceb0000 - 0x00007ffbecf01000 	C:\WINDOWS\system32\SHLWAPI.dll
0x00007ffbeb070000 - 0x00007ffbeb1e7000 	C:\WINDOWS\system32\USER32.dll
0x00007ffbecf20000 - 0x00007ffbed0b4000 	C:\WINDOWS\system32\ole32.dll
0x00007ffbeb1f0000 - 0x00007ffbec718000 	C:\WINDOWS\system32\SHELL32.dll
0x00007ffbe9a10000 - 0x00007ffbe9a2e000 	C:\WINDOWS\SYSTEM32\USERENV.dll
0x00007ffbeac90000 - 0x00007ffbead3a000 	C:\WINDOWS\system32\ADVAPI32.dll
0x00007ffbda130000 - 0x00007ffbda14b000 	C:\WINDOWS\SYSTEM32\MPR.dll
0x00007ffbecd70000 - 0x00007ffbeceb0000 	C:\WINDOWS\system32\RPCRT4.dll
0x00007ffbecd10000 - 0x00007ffbecd69000 	C:\WINDOWS\SYSTEM32\sechost.dll
0x00007ffbeca90000 - 0x00007ffbecca1000 	C:\WINDOWS\SYSTEM32\combase.dll
0x00007ffbeaf20000 - 0x00007ffbeb06f000 	C:\WINDOWS\system32\GDI32.dll
0x00007ffbea220000 - 0x00007ffbea234000 	C:\WINDOWS\SYSTEM32\profapi.dll
0x00007ffbe8480000 - 0x00007ffbe8532000 	C:\WINDOWS\SYSTEM32\SHCORE.dll
0x00007ffbeab90000 - 0x00007ffbeabc4000 	C:\WINDOWS\system32\IMM32.DLL
0x00007ffbec930000 - 0x00007ffbeca82000 	C:\WINDOWS\system32\MSCTF.dll
0x00007ffbe69f0000 - 0x00007ffbe6c6b000 	C:\WINDOWS\WinSxS\amd64_microsoft.windows.common-controls_6595b64144ccf1df_6.0.9600.18006_none_623f33d3ecbe86e8\COMCTL32.dll
0x00000000649a0000 - 0x0000000064a71000 	C:\Program Files\Java\jdk1.8.0_201\jre\bin\msvcr100.dll
0x00000000640f0000 - 0x0000000064994000 	C:\Program Files\Java\jdk1.8.0_201\jre\bin\server\jvm.dll
0x00007ffbdff50000 - 0x00007ffbdff59000 	C:\WINDOWS\SYSTEM32\WSOCK32.dll
0x00007ffbe8230000 - 0x00007ffbe824f000 	C:\WINDOWS\SYSTEM32\WINMM.dll
0x00007ffbe24c0000 - 0x00007ffbe24ca000 	C:\WINDOWS\SYSTEM32\VERSION.dll
0x00007ffbea9a0000 - 0x00007ffbea9a7000 	C:\WINDOWS\system32\PSAPI.DLL
0x00007ffbead40000 - 0x00007ffbead9a000 	C:\WINDOWS\system32\WS2_32.dll
0x00007ffbe7970000 - 0x00007ffbe799a000 	C:\WINDOWS\SYSTEM32\WINMMBASE.dll
0x00007ffbecf10000 - 0x00007ffbecf19000 	C:\WINDOWS\system32\NSI.dll
0x00007ffbea5e0000 - 0x00007ffbea62a000 	C:\WINDOWS\SYSTEM32\cfgmgr32.dll
0x00007ffbe9080000 - 0x00007ffbe90a6000 	C:\WINDOWS\SYSTEM32\DEVOBJ.dll
0x00007ffbe4650000 - 0x00007ffbe465f000 	C:\Program Files\Java\jdk1.8.0_201\jre\bin\verify.dll
0x00007ffbdd710000 - 0x00007ffbdd739000 	C:\Program Files\Java\jdk1.8.0_201\jre\bin\java.dll
0x00007ffbdfca0000 - 0x00007ffbdfcb6000 	C:\Program Files\Java\jdk1.8.0_201\jre\bin\zip.dll
0x00007ffbde500000 - 0x00007ffbde51a000 	C:\Program Files\Java\jdk1.8.0_201\jre\bin\net.dll
0x00007ffbe3060000 - 0x00007ffbe31e8000 	C:\WINDOWS\SYSTEM32\urlmon.dll
0x00007ffbe2d90000 - 0x00007ffbe305a000 	C:\WINDOWS\SYSTEM32\iertutil.dll
0x00007ffbe28e0000 - 0x00007ffbe2d8c000 	C:\WINDOWS\SYSTEM32\WININET.dll
0x00007ffbe9990000 - 0x00007ffbe99e9000 	C:\WINDOWS\system32\mswsock.dll
0x00007ffbdda20000 - 0x00007ffbdda31000 	C:\Program Files\Java\jdk1.8.0_201\jre\bin\nio.dll
0x00007ffbe4640000 - 0x00007ffbe464d000 	C:\Program Files\Java\jdk1.8.0_201\jre\bin\management.dll
0x00007ffbe1a20000 - 0x00007ffbe1a34000 	C:\WINDOWS\system32\napinsp.dll
0x00007ffbe1a00000 - 0x00007ffbe1a19000 	C:\WINDOWS\system32\pnrpnsp.dll
0x00007ffbe7a70000 - 0x00007ffbe7a8b000 	C:\WINDOWS\system32\NLAapi.dll
0x00007ffbe9800000 - 0x00007ffbe98a4000 	C:\WINDOWS\SYSTEM32\DNSAPI.dll
0x00007ffbe19f0000 - 0x00007ffbe19fc000 	C:\WINDOWS\System32\winrnr.dll
0x00007ffbe28d0000 - 0x00007ffbe28d9000 	C:\Windows\System32\rasadhlp.dll
0x00007ffbe4e10000 - 0x00007ffbe4e3a000 	C:\WINDOWS\SYSTEM32\IPHLPAPI.DLL
0x00007ffbe4d60000 - 0x00007ffbe4d6a000 	C:\WINDOWS\SYSTEM32\WINNSI.DLL
0x00007ffbe4a90000 - 0x00007ffbe4afb000 	C:\WINDOWS\System32\fwpuclnt.dll

VM Arguments:
jvm_args: -ea -Dfile.encoding=UTF-8 
java_command: org.eclipse.jdt.internal.junit.runner.RemoteTestRunner -version 3 -port 49290 -testLoaderClass org.eclipse.jdt.internal.junit5.runner.JUnit5TestLoader -loaderpluginname org.eclipse.jdt.junit5.runtime -classNames com.b2w.desafio.DesafioApplicationTests
java_class_path (initial): C:\Users\rafael_2\desafio_b2w\desafio\target\test-classes;C:\Users\rafael_2\desafio_b2w\desafio\target\classes;C:\Users\rafael_2\.m2\repository\com\google\code\gson\gson\2.8.6\gson-2.8.6.jar;C:\Users\rafael_2\.m2\repository\org\springframework\boot\spring-boot-starter-data-mongodb\2.3.0.RELEASE\spring-boot-starter-data-mongodb-2.3.0.RELEASE.jar;C:\Users\rafael_2\.m2\repository\org\springframework\boot\spring-boot-starter\2.3.0.RELEASE\spring-boot-starter-2.3.0.RELEASE.jar;C:\Users\rafael_2\.m2\repository\org\springframework\boot\spring-boot\2.3.0.RELEASE\spring-boot-2.3.0.RELEASE.jar;C:\Users\rafael_2\.m2\repository\org\springframework\boot\spring-boot-autoconfigure\2.3.0.RELEASE\spring-boot-autoconfigure-2.3.0.RELEASE.jar;C:\Users\rafael_2\.m2\repository\org\springframework\boot\spring-boot-starter-logging\2.3.0.RELEASE\spring-boot-starter-logging-2.3.0.RELEASE.jar;C:\Users\rafael_2\.m2\repository\ch\qos\logback\logback-classic\1.2.3\logback-classic-1.2.3.jar;C:\Users\rafael_2\.m2\repository\ch\qos\logback\logback-core\1.2.3\logback-core-1.2.3.jar;C:\Users\rafael_2\.m2\repository\org\apache\logging\log4j\log4j-to-slf4j\2.13.2\log4j-to-slf4j-2.13.2.jar;C:\Users\rafael_2\.m2\repository\org\apache\logging\log4j\log4j-api\2.13.2\log4j-api-2.13.2.jar;C:\Users\rafael_2\.m2\repository\org\slf4j\jul-to-slf4j\1.7.30\jul-to-slf4j-1.7.30.jar;C:\Users\rafael_2\.m2\repository\jakarta\annotation\jakarta.annotation-api\1.3.5\jakarta.annotation-api-1.3.5.jar;C:\Users\rafael_2\.m2\repository\org\yaml\snakeyaml\1.26\snakeyaml-1.26.jar;C:\Users\rafael_2\.m2\repository\org\mongodb\mongodb-driver-sync\4.0.3\mongodb-driver-sync-4.0.3.jar;C:\Users\rafael_2\.m2\repository\org\mongodb\bson\4.0.3\bson-4.0.3.jar;C:\Users\rafael_2\.m2\repository\org\mongodb\mongodb-driver-core\4.0.3\mongodb-driver-core-4.0.3.jar;C:\Users\rafael_2\.m2\repository\org\springframework\data\spring-data-mongodb\3.0.0.RELEASE\spring-data-mongodb-3.0.0.RELEASE.jar;C:\Users\rafael_2\.m2\re
Launcher Type: SUN_STANDARD

Environment Variables:
JAVA_HOME=C:\Program Files\Java\jdk1.8.0_201
CLASSPATH=%CLASSPATH%;%JUNIT_HOME%\junit-4.12.jar;%JUNIT_HOME%\hamcrest-core-1.3.jar;.;;C:\Program Files\Java\junit-4.12\junit-4.12.jar;C:\Program Files\Java\junit-4.12\hamcrest-core-1.3.jar;.;;C:\Program Files\Java\junit-4.12\junit-4.12.jar;C:\Program Files\Java\junit-4.12\hamcrest-core-1.3.jar;.;
PATH=C:/Program Files/Java/jre1.8.0_191/bin/server;C:/Program Files/Java/jre1.8.0_191/bin;C:/Program Files/Java/jre1.8.0_191/lib/amd64;C:\Users\rafael_2\AppData\Local\Android\Sdk;C:\Users\rafael_2\AppData\Local\Android\Sdk\emulator;C:\Users\rafael_2\AppData\Local\Android\Sdk\tools\bin;C:\Users\rafael_2\AppData\Local\Android\Sdk\tools;C:\Users\rafael_2\AppData\Local\Android\Sdk\platform-tools;C:\Users\rafael_2\AppData\Local\Android\Sdk\build-tools;C:\Qt\5.13.0\msvc2017_64\bin;C:\curl-7.64.1-win64-mingw\bin;C:\Users\rafael_2\eclipse\jee-2019-03\eclipse;C:\Program Files\Java\apache-maven-3.6.1\bin;C:\Program Files\Java\gradle-5.4\bin;C:\Program Files\Java\spring-boot-cli-2.1.4.RELEASE-bin\spring-2.1.4.RELEASE\bin;C:\Program Files (x86)\Common Files\Oracle\Java\javapath;C:\Program Files\Java\jdk1.8.0_201\bin;C:\ProgramData\Oracle\Java\javapath;C:\Program Files (x86)\Intel\iCLS Client\;C:\Program Files\Intel\iCLS Client\;C:\WINDOWS\system32;C:\WINDOWS;C:\WINDOWS\System32\Wbem;C:\WINDOWS\System32\WindowsPowerShell\v1.0\;C:\Program Files (x86)\Intel\OpenCL SDK\3.0\bin\x86;C:\Program Files (x86)\Intel\OpenCL SDK\3.0\bin\x64;C:\Program Files\Intel\Intel(R) Management Engine Components\DAL;C:\Program Files\Intel\Intel(R) Management Engine Components\IPT;C:\Program Files (x86)\Intel\Intel(R) Management Engine Components\DAL;C:\Program Files (x86)\Intel\Intel(R) Management Engine Components\IPT;C:\Program Files (x86)\GtkSharp\2.12\bin;C:\Program Files (x86)\Windows Live\Shared;C:\Program Files\Git\cmd;C:\Program Files\LLVM\bin;C:\Program Files (x86)\Windows Kits\8.1\Windows Performance Toolkit\;C:\Users\rafael_2\AppData\Roaming\nvm;C:\Program Files\nodejs;;C:\Users\rafael_2\AppData\Roaming\npm;C:\Users\rafael_2\AppData\Local\Programs\Microsoft VS Code\bin;C:\Users\rafael_2\AppData\Roaming\nvm;C:\Program Files\nodejs;C:\WINDOWS\system32;
USERNAME=rafael_2
OS=Windows_NT
PROCESSOR_IDENTIFIER=Intel64 Family 6 Model 69 Stepping 1, GenuineIntel



---------------  S Y S T E M  ---------------

OS: Windows 8.1 , 64 bit Build 9600 (6.3.9600.17056)

CPU:total 4 (initial active 4) (2 cores per cpu, 2 threads per core) family 6 model 69 stepping 1, cmov, cx8, fxsr, mmx, sse, sse2, sse3, ssse3, sse4.1, sse4.2, popcnt, avx, avx2, aes, clmul, erms, lzcnt, ht, tsc, tscinvbit, bmi1, bmi2

Memory: 4k page, physical 6168856k(846008k free), swap 6168856k(5996k free)

vm_info: Java HotSpot(TM) 64-Bit Server VM (25.201-b09) for windows-amd64 JRE (1.8.0_201-b09), built on Dec 15 2018 18:36:39 by "java_re" with MS VC++ 10.0 (VS2010)

time: Wed May 20 04:15:13 2020
timezone: Hora oficial do Brasil
elapsed time: 12 seconds (0d 0h 0m 12s)

