#
# There is insufficient memory for the Java Runtime Environment to continue.
# Native memory allocation (malloc) failed to allocate 32744 bytes for ChunkPool::allocate
# Possible reasons:
#   The system is out of physical RAM or swap space
#   The process is running with CompressedOops enabled, and the Java Heap may be blocking the growth of the native heap
# Possible solutions:
#   Reduce memory load on the system
#   Increase physical memory or swap space
#   Check if swap backing store is full
#   Decrease Java heap size (-Xmx/-Xms)
#   Decrease number of Java threads
#   Decrease Java thread stack sizes (-Xss)
#   Set larger code cache with -XX:ReservedCodeCacheSize=
#   JVM is running with Unscaled Compressed Oops mode in which the Java heap is
#     placed in the first 4GB address space. The Java Heap base address is the
#     maximum limit for the native heap growth. Please use -XX:HeapBaseMinAddress
#     to set the Java Heap base and to place the Java Heap above 4GB virtual address.
# This output file may be truncated or incomplete.
#
#  Out of Memory Error (allocation.cpp:273), pid=5900, tid=0x0000000000001918
#
# JRE version: Java(TM) SE Runtime Environment (8.0_201-b09) (build 1.8.0_201-b09)
# Java VM: Java HotSpot(TM) 64-Bit Server VM (25.201-b09 mixed mode windows-amd64 compressed oops)
# Failed to write core dump. Minidumps are not enabled by default on client versions of Windows
#

---------------  T H R E A D  ---------------

Current thread (0x0000000015ca9800):  JavaThread "C2 CompilerThread1" daemon [_thread_in_native, id=6424, stack(0x00000000177b0000,0x00000000178b0000)]

Stack: [0x00000000177b0000,0x00000000178b0000]
[error occurred during error reporting (printing stack bounds), id 0xc0000005]

Native frames: (J=compiled Java code, j=interpreted, Vv=VM code, C=native code)


Current CompileTask:
C2:  26398 3242       4       java.lang.invoke.MethodType$ConcurrentWeakInternSet::get (54 bytes)


---------------  P R O C E S S  ---------------

Java Threads: ( => current thread )
  0x0000000017c78800 JavaThread "cluster-ClusterId{value='5ec4ea6862e1651c216f885b', description='null'}-localhost:50430" daemon [_thread_blocked, id=5028, stack(0x000000001cdd0000,0x000000001ced0000)]
  0x0000000017c76800 JavaThread "Thread-371" daemon [_thread_in_native, id=6264, stack(0x000000001ba70000,0x000000001bb70000)]
  0x0000000017c78000 JavaThread "Thread-370" daemon [_thread_in_native, id=6892, stack(0x000000001ac90000,0x000000001ad90000)]
  0x0000000018003800 JavaThread "ReaderThread" [_thread_in_native, id=5228, stack(0x00000000183b0000,0x00000000184b0000)]
  0x0000000015cad800 JavaThread "Service Thread" daemon [_thread_blocked, id=7496, stack(0x00000000179b0000,0x0000000017ab0000)]
  0x00000000173bb000 JavaThread "C1 CompilerThread2" daemon [_thread_blocked, id=5464, stack(0x00000000178b0000,0x00000000179b0000)]
=>0x0000000015ca9800 JavaThread "C2 CompilerThread1" daemon [_thread_in_native, id=6424, stack(0x00000000177b0000,0x00000000178b0000)]
  0x0000000015c5f000 JavaThread "C2 CompilerThread0" daemon [_thread_in_native, id=5728, stack(0x00000000172b0000,0x00000000173b0000)]
  0x0000000015c5d000 JavaThread "Attach Listener" daemon [_thread_blocked, id=540, stack(0x00000000171b0000,0x00000000172b0000)]
  0x0000000015c5c000 JavaThread "Signal Dispatcher" daemon [_thread_blocked, id=3108, stack(0x00000000170b0000,0x00000000171b0000)]
  0x0000000015c3d800 JavaThread "Finalizer" daemon [_thread_blocked, id=8340, stack(0x0000000016ec0000,0x0000000016fc0000)]
  0x00000000023c7000 JavaThread "Reference Handler" daemon [_thread_blocked, id=7348, stack(0x0000000016dc0000,0x0000000016ec0000)]
  0x00000000022d7000 JavaThread "main" [_thread_in_vm, id=8540, stack(0x00000000021d0000,0x00000000022d0000)]

Other Threads:
  0x0000000015c17800 VMThread [stack: 0x0000000016cc0000,0x0000000016dc0000] [id=624]
  0x0000000017415000 WatcherThread [stack: 0x0000000017ab0000,0x0000000017bb0000] [id=7444]

VM state:not at safepoint (normal execution)

VM Mutex/Monitor currently owned by a thread: None

heap address: 0x00000000a1c00000, size: 1508 MB, Compressed Oops mode: 32-bit
Narrow klass base: 0x0000000000000000, Narrow klass shift: 3
Compressed class space size: 1073741824 Address: 0x0000000100000000

Heap:
 PSYoungGen      total 103936K, used 27148K [0x00000000e0980000, 0x00000000e7700000, 0x0000000100000000)
  eden space 95744K, 19% used [0x00000000e0980000,0x00000000e1c04738,0x00000000e6700000)
  from space 8192K, 99% used [0x00000000e6700000,0x00000000e6efe9b8,0x00000000e6f00000)
  to   space 8192K, 0% used [0x00000000e6f00000,0x00000000e6f00000,0x00000000e7700000)
 ParOldGen       total 43008K, used 11033K [0x00000000a1c00000, 0x00000000a4600000, 0x00000000e0980000)
  object space 43008K, 25% used [0x00000000a1c00000,0x00000000a26c6760,0x00000000a4600000)
 Metaspace       used 33092K, capacity 35125K, committed 35376K, reserved 1079296K
  class space    used 4464K, capacity 4843K, committed 4912K, reserved 1048576K

Card table byte_map: [0x0000000011790000,0x0000000011a90000] byte_map_base: 0x0000000011282000

Marking Bits: (ParMarkBitMap*) 0x0000000064914ce0
 Begin Bits: [0x0000000012090000, 0x0000000013820000)
 End Bits:   [0x0000000013820000, 0x0000000014fb0000)

Polling page: 0x0000000001f90000

CodeCache: size=245760Kb used=10367Kb max_used=10381Kb free=235392Kb
 bounds [0x00000000023d0000, 0x0000000002e00000, 0x00000000113d0000]
 total_blobs=3405 nmethods=2990 adapters=326
 compilation: enabled

Compilation events (10 events):
Event: 26.328 Thread 0x00000000173bb000 3240       1       java.util.Vector::elementData (7 bytes)
Event: 26.328 Thread 0x00000000173bb000 nmethod 3240 0x0000000002df2e10 code [0x0000000002df2f60, 0x0000000002df3090]
Event: 26.328 Thread 0x00000000173bb000 3224  s    3       java.util.Vector::elementAt (48 bytes)
Event: 26.330 Thread 0x00000000173bb000 nmethod 3224 0x0000000002df4c50 code [0x0000000002df4e60, 0x0000000002df5a08]
Event: 26.330 Thread 0x00000000173bb000 3226       3       java.text.RBTableBuilder::addOrder (79 bytes)
Event: 26.332 Thread 0x00000000173bb000 nmethod 3226 0x0000000002df2350 code [0x0000000002df2520, 0x0000000002df2b68]
Event: 26.335 Thread 0x0000000015c5f000 nmethod 3199 0x0000000002dfa810 code [0x0000000002dfa9e0, 0x0000000002dfc5d0]
Event: 26.339 Thread 0x0000000015ca9800 nmethod 3239 0x0000000002df7010 code [0x0000000002df7180, 0x0000000002df7478]
Event: 26.348 Thread 0x0000000015c5f000 3241       4       java.lang.invoke.MethodType::makeImpl (66 bytes)
Event: 26.375 Thread 0x0000000015ca9800 3242       4       java.lang.invoke.MethodType$ConcurrentWeakInternSet::get (54 bytes)

GC Heap History (10 events):
Event: 11.016 GC heap before
{Heap before GC invocations=8 (full 1):
 PSYoungGen      total 43520K, used 43465K [0x00000000e0980000, 0x00000000e4480000, 0x0000000100000000)
  eden space 40448K, 100% used [0x00000000e0980000,0x00000000e3100000,0x00000000e3100000)
  from space 3072K, 98% used [0x00000000e4180000,0x00000000e4472508,0x00000000e4480000)
  to   space 8192K, 0% used [0x00000000e3480000,0x00000000e3480000,0x00000000e3c80000)
 ParOldGen       total 43008K, used 6070K [0x00000000a1c00000, 0x00000000a4600000, 0x00000000e0980000)
  object space 43008K, 14% used [0x00000000a1c00000,0x00000000a21eda80,0x00000000a4600000)
 Metaspace       used 22436K, capacity 23909K, committed 23984K, reserved 1071104K
  class space    used 2887K, capacity 3203K, committed 3248K, reserved 1048576K
Event: 11.031 GC heap after
Heap after GC invocations=8 (full 1):
 PSYoungGen      total 52224K, used 2630K [0x00000000e0980000, 0x00000000e5c00000, 0x0000000100000000)
  eden space 44032K, 0% used [0x00000000e0980000,0x00000000e0980000,0x00000000e3480000)
  from space 8192K, 32% used [0x00000000e3480000,0x00000000e3711ab8,0x00000000e3c80000)
  to   space 8704K, 0% used [0x00000000e5380000,0x00000000e5380000,0x00000000e5c00000)
 ParOldGen       total 43008K, used 6070K [0x00000000a1c00000, 0x00000000a4600000, 0x00000000e0980000)
  object space 43008K, 14% used [0x00000000a1c00000,0x00000000a21eda80,0x00000000a4600000)
 Metaspace       used 22436K, capacity 23909K, committed 23984K, reserved 1071104K
  class space    used 2887K, capacity 3203K, committed 3248K, reserved 1048576K
}
Event: 11.355 GC heap before
{Heap before GC invocations=9 (full 1):
 PSYoungGen      total 52224K, used 46662K [0x00000000e0980000, 0x00000000e5c00000, 0x0000000100000000)
  eden space 44032K, 100% used [0x00000000e0980000,0x00000000e3480000,0x00000000e3480000)
  from space 8192K, 32% used [0x00000000e3480000,0x00000000e3711ab8,0x00000000e3c80000)
  to   space 8704K, 0% used [0x00000000e5380000,0x00000000e5380000,0x00000000e5c00000)
 ParOldGen       total 43008K, used 6070K [0x00000000a1c00000, 0x00000000a4600000, 0x00000000e0980000)
  object space 43008K, 14% used [0x00000000a1c00000,0x00000000a21eda80,0x00000000a4600000)
 Metaspace       used 22619K, capacity 24125K, committed 24240K, reserved 1071104K
  class space    used 2902K, capacity 3205K, committed 3248K, reserved 1048576K
Event: 11.364 GC heap after
Heap after GC invocations=9 (full 1):
 PSYoungGen      total 75776K, used 2489K [0x00000000e0980000, 0x00000000e6300000, 0x0000000100000000)
  eden space 67072K, 0% used [0x00000000e0980000,0x00000000e0980000,0x00000000e4b00000)
  from space 8704K, 28% used [0x00000000e5380000,0x00000000e55ee6b0,0x00000000e5c00000)
  to   space 8704K, 0% used [0x00000000e4b00000,0x00000000e4b00000,0x00000000e5380000)
 ParOldGen       total 43008K, used 6078K [0x00000000a1c00000, 0x00000000a4600000, 0x00000000e0980000)
  object space 43008K, 14% used [0x00000000a1c00000,0x00000000a21efa80,0x00000000a4600000)
 Metaspace       used 22619K, capacity 24125K, committed 24240K, reserved 1071104K
  class space    used 2902K, capacity 3205K, committed 3248K, reserved 1048576K
}
Event: 11.923 GC heap before
{Heap before GC invocations=10 (full 1):
 PSYoungGen      total 75776K, used 69561K [0x00000000e0980000, 0x00000000e6300000, 0x0000000100000000)
  eden space 67072K, 100% used [0x00000000e0980000,0x00000000e4b00000,0x00000000e4b00000)
  from space 8704K, 28% used [0x00000000e5380000,0x00000000e55ee6b0,0x00000000e5c00000)
  to   space 8704K, 0% used [0x00000000e4b00000,0x00000000e4b00000,0x00000000e5380000)
 ParOldGen       total 43008K, used 6078K [0x00000000a1c00000, 0x00000000a4600000, 0x00000000e0980000)
  object space 43008K, 14% used [0x00000000a1c00000,0x00000000a21efa80,0x00000000a4600000)
 Metaspace       used 23047K, capacity 24537K, committed 24880K, reserved 1071104K
  class space    used 2956K, capacity 3255K, committed 3376K, reserved 1048576K
Event: 11.942 GC heap after
Heap after GC invocations=10 (full 1):
 PSYoungGen      total 75776K, used 3713K [0x00000000e0980000, 0x00000000e7700000, 0x0000000100000000)
  eden space 67072K, 0% used [0x00000000e0980000,0x00000000e0980000,0x00000000e4b00000)
  from space 8704K, 42% used [0x00000000e4b00000,0x00000000e4ea07f8,0x00000000e5380000)
  to   space 8192K, 0% used [0x00000000e6f00000,0x00000000e6f00000,0x00000000e7700000)
 ParOldGen       total 43008K, used 7341K [0x00000000a1c00000, 0x00000000a4600000, 0x00000000e0980000)
  object space 43008K, 17% used [0x00000000a1c00000,0x00000000a232b648,0x00000000a4600000)
 Metaspace       used 23047K, capacity 24537K, committed 24880K, reserved 1071104K
  class space    used 2956K, capacity 3255K, committed 3376K, reserved 1048576K
}
Event: 12.253 GC heap before
{Heap before GC invocations=11 (full 1):
 PSYoungGen      total 75776K, used 70785K [0x00000000e0980000, 0x00000000e7700000, 0x0000000100000000)
  eden space 67072K, 100% used [0x00000000e0980000,0x00000000e4b00000,0x00000000e4b00000)
  from space 8704K, 42% used [0x00000000e4b00000,0x00000000e4ea07f8,0x00000000e5380000)
  to   space 8192K, 0% used [0x00000000e6f00000,0x00000000e6f00000,0x00000000e7700000)
 ParOldGen       total 43008K, used 7341K [0x00000000a1c00000, 0x00000000a4600000, 0x00000000e0980000)
  object space 43008K, 17% used [0x00000000a1c00000,0x00000000a232b648,0x00000000a4600000)
 Metaspace       used 23274K, capacity 24793K, committed 24880K, reserved 1071104K
  class space    used 2986K, capacity 3293K, committed 3376K, reserved 1048576K
Event: 12.262 GC heap after
Heap after GC invocations=11 (full 1):
 PSYoungGen      total 103936K, used 1395K [0x00000000e0980000, 0x00000000e7700000, 0x0000000100000000)
  eden space 95744K, 0% used [0x00000000e0980000,0x00000000e0980000,0x00000000e6700000)
  from space 8192K, 17% used [0x00000000e6f00000,0x00000000e705ce30,0x00000000e7700000)
  to   space 8192K, 0% used [0x00000000e6700000,0x00000000e6700000,0x00000000e6f00000)
 ParOldGen       total 43008K, used 8275K [0x00000000a1c00000, 0x00000000a4600000, 0x00000000e0980000)
  object space 43008K, 19% used [0x00000000a1c00000,0x00000000a2414e58,0x00000000a4600000)
 Metaspace       used 23274K, capacity 24793K, committed 24880K, reserved 1071104K
  class space    used 2986K, capacity 3293K, committed 3376K, reserved 1048576K
}
Event: 20.250 GC heap before
{Heap before GC invocations=12 (full 1):
 PSYoungGen      total 103936K, used 97139K [0x00000000e0980000, 0x00000000e7700000, 0x0000000100000000)
  eden space 95744K, 100% used [0x00000000e0980000,0x00000000e6700000,0x00000000e6700000)
  from space 8192K, 17% used [0x00000000e6f00000,0x00000000e705ce30,0x00000000e7700000)
  to   space 8192K, 0% used [0x00000000e6700000,0x00000000e6700000,0x00000000e6f00000)
 ParOldGen       total 43008K, used 8275K [0x00000000a1c00000, 0x00000000a4600000, 0x00000000e0980000)
  object space 43008K, 19% used [0x00000000a1c00000,0x00000000a2414e58,0x00000000a4600000)
 Metaspace       used 30881K, capacity 32805K, committed 32944K, reserved 1077248K
  class space    used 4112K, capacity 4481K, committed 4528K, reserved 1048576K
Event: 20.296 GC heap after
Heap after GC invocations=12 (full 1):
 PSYoungGen      total 103936K, used 8186K [0x00000000e0980000, 0x00000000e7700000, 0x0000000100000000)
  eden space 95744K, 0% used [0x00000000e0980000,0x00000000e0980000,0x00000000e6700000)
  from space 8192K, 99% used [0x00000000e6700000,0x00000000e6efe9b8,0x00000000e6f00000)
  to   space 8192K, 0% used [0x00000000e6f00000,0x00000000e6f00000,0x00000000e7700000)
 ParOldGen       total 43008K, used 11033K [0x00000000a1c00000, 0x00000000a4600000, 0x00000000e0980000)
  object space 43008K, 25% used [0x00000000a1c00000,0x00000000a26c6760,0x00000000a4600000)
 Metaspace       used 30881K, capacity 32805K, committed 32944K, reserved 1077248K
  class space    used 4112K, capacity 4481K, committed 4528K, reserved 1048576K
}

Deoptimization events (10 events):
Event: 16.009 Thread 0x00000000022d7000 Uncommon trap: reason=unstable_if action=reinterpret pc=0x0000000002bcf708 method=org.springframework.beans.factory.support.AbstractAutowireCapableBeanFactory.determineTargetType(Ljava/lang/String;Lorg/springframework/beans/factory/support/RootBeanDefinit
Event: 16.051 Thread 0x00000000022d7000 Uncommon trap: reason=unstable_if action=reinterpret pc=0x0000000002a1e200 method=org.springframework.asm.ClassReader.readUtf(II[C)Ljava/lang/String; @ 41
Event: 16.158 Thread 0x00000000022d7000 Uncommon trap: reason=null_check action=make_not_entrant pc=0x0000000002c2cd98 method=org.springframework.beans.factory.support.DefaultListableBeanFactory.getBeanDefinition(Ljava/lang/String;)Lorg/springframework/beans/factory/config/BeanDefinition; @ 10
Event: 16.207 Thread 0x00000000022d7000 Uncommon trap: reason=class_check action=maybe_recompile pc=0x0000000002af0960 method=java.lang.reflect.Array.newInstance(Ljava/lang/Class;I)Ljava/lang/Object; @ 2
Event: 16.578 Thread 0x00000000022d7000 Uncommon trap: reason=unstable_if action=reinterpret pc=0x00000000024dbcdc method=java.io.WinNTFileSystem.isLetter(C)Z @ 3
Event: 25.236 Thread 0x0000000017c78000 Uncommon trap: reason=unstable_if action=reinterpret pc=0x0000000002519e18 method=sun.nio.cs.UTF_8$Encoder.encode([CII[B)I @ 33
Event: 26.032 Thread 0x00000000022d7000 Uncommon trap: reason=unstable_if action=reinterpret pc=0x000000000260c3d8 method=java.lang.AbstractStringBuilder.append(Ljava/lang/String;)Ljava/lang/AbstractStringBuilder; @ 1
Event: 26.304 Thread 0x00000000022d7000 Uncommon trap: reason=unstable_if action=reinterpret pc=0x000000000292fd74 method=sun.text.normalizer.Trie.getCodePointOffset(I)I @ 9
Event: 26.325 Thread 0x00000000022d7000 Uncommon trap: reason=unstable_if action=reinterpret pc=0x0000000002841a70 method=java.lang.Character.isHighSurrogate(C)Z @ 3
Event: 26.325 Thread 0x00000000022d7000 Uncommon trap: reason=unstable_if action=reinterpret pc=0x000000000259ab10 method=sun.text.UCompactIntArray.elementAt(I)I @ 14

Classes redefined (0 events):
No events

Internal exceptions (10 events):
Event: 26.083 Thread 0x00000000022d7000 Exception <a 'java/lang/ClassNotFoundException': com/mongodb/client/MongoClientCustomizer> (0x00000000e149c3c8) thrown at [C:\re\workspace\8-2-build-windows-amd64-cygwin\jdk8u201\12322\hotspot\src\share\vm\classfile\systemDictionary.cpp, line 210]
Event: 26.108 Thread 0x00000000022d7000 Exception <a 'java/lang/ClassNotFoundException': java/lang/ObjectCustomizer> (0x00000000e1513fc8) thrown at [C:\re\workspace\8-2-build-windows-amd64-cygwin\jdk8u201\12322\hotspot\src\share\vm\classfile\systemDictionary.cpp, line 210]
Event: 26.113 Thread 0x00000000022d7000 Exception <a 'java/lang/ClassNotFoundException': org/springframework/data/mongodb/core/MongoDatabaseFactorySupportCustomizer> (0x00000000e153a480) thrown at [C:\re\workspace\8-2-build-windows-amd64-cygwin\jdk8u201\12322\hotspot\src\share\vm\classfile\syst
Event: 26.119 Thread 0x00000000022d7000 Exception <a 'java/lang/ClassNotFoundException': org/springframework/data/mongodb/core/SimpleMongoClientDatabaseFactoryCustomizer> (0x00000000e1564e18) thrown at [C:\re\workspace\8-2-build-windows-amd64-cygwin\jdk8u201\12322\hotspot\src\share\vm\classfile
Event: 26.123 Thread 0x00000000022d7000 Exception <a 'java/lang/ClassNotFoundException': org/springframework/beans/factory/DisposableBeanCustomizer> (0x00000000e1628858) thrown at [C:\re\workspace\8-2-build-windows-amd64-cygwin\jdk8u201\12322\hotspot\src\share\vm\classfile\systemDictionary.cpp,
Event: 26.125 Thread 0x00000000022d7000 Exception <a 'java/lang/ClassNotFoundException': org/springframework/data/mongodb/MongoDatabaseFactoryCustomizer> (0x00000000e1648290) thrown at [C:\re\workspace\8-2-build-windows-amd64-cygwin\jdk8u201\12322\hotspot\src\share\vm\classfile\systemDictionary
Event: 26.127 Thread 0x00000000022d7000 Exception <a 'java/lang/ClassNotFoundException': org/springframework/data/mongodb/CodecRegistryProviderCustomizer> (0x00000000e166f9a0) thrown at [C:\re\workspace\8-2-build-windows-amd64-cygwin\jdk8u201\12322\hotspot\src\share\vm\classfile\systemDictionar
Event: 26.131 Thread 0x00000000022d7000 Exception <a 'java/lang/ClassNotFoundException': org/springframework/data/mongodb/MongoSessionProviderCustomizer> (0x00000000e1694698) thrown at [C:\re\workspace\8-2-build-windows-amd64-cygwin\jdk8u201\12322\hotspot\src\share\vm\classfile\systemDictionary
Event: 26.142 Thread 0x00000000022d7000 Exception <a 'java/lang/ClassNotFoundException': java/lang/ObjectCustomizer> (0x00000000e16acbe8) thrown at [C:\re\workspace\8-2-build-windows-amd64-cygwin\jdk8u201\12322\hotspot\src\share\vm\classfile\systemDictionary.cpp, line 210]
Event: 26.147 Thread 0x00000000022d7000 Exception <a 'java/lang/ClassNotFoundException': org/springframework/boot/autoconfigure/data/mongo/MongoDataConfigurationCustomizer> (0x00000000e16d4ea0) thrown at [C:\re\workspace\8-2-build-windows-amd64-cygwin\jdk8u201\12322\hotspot\src\share\vm\classfi

Events (10 events):
Event: 26.375 loading class org/springframework/data/mongodb/core/convert/GeoConverters$DocumentToGeoJsonGeometryCollectionConverter
Event: 26.375 loading class org/springframework/data/mongodb/core/convert/GeoConverters$DocumentToGeoJsonGeometryCollectionConverter done
Event: 26.376 loading class org/springframework/data/mongodb/core/convert/GeoConverters$BoxToDocumentConverter
Event: 26.376 loading class org/springframework/data/mongodb/core/convert/GeoConverters$BoxToDocumentConverter done
Event: 26.378 loading class org/springframework/data/mongodb/core/convert/GeoConverters$PolygonToDocumentConverter
Event: 26.378 loading class org/springframework/data/mongodb/core/convert/GeoConverters$PolygonToDocumentConverter done
Event: 26.381 loading class org/springframework/data/mongodb/core/convert/GeoConverters$CircleToDocumentConverter
Event: 26.381 loading class org/springframework/data/mongodb/core/convert/GeoConverters$CircleToDocumentConverter done
Event: 26.383 loading class org/springframework/data/mongodb/core/convert/GeoConverters$SphereToDocumentConverter
Event: 26.383 loading class org/springframework/data/mongodb/core/convert/GeoConverters$SphereToDocumentConverter done


Dynamic libraries:
0x00007ff7fe3b0000 - 0x00007ff7fe3e7000 	C:\Program Files\Java\jdk1.8.0_201\bin\javaw.exe
0x00007ffbed0c0000 - 0x00007ffbed26d000 	C:\WINDOWS\SYSTEM32\ntdll.dll
0x00007ffbec740000 - 0x00007ffbec87a000 	C:\WINDOWS\system32\KERNEL32.DLL
0x00007ffbea660000 - 0x00007ffbea775000 	C:\WINDOWS\system32\KERNELBASE.dll
0x00007ffbe8e20000 - 0x00007ffbe8eae000 	C:\WINDOWS\system32\apphelp.dll
0x00007ffbdd3f0000 - 0x00007ffbdd443000 	C:\WINDOWS\AppPatch\AppPatch64\AcGenral.DLL
0x00007ffbeabd0000 - 0x00007ffbeac77000 	C:\WINDOWS\system32\msvcrt.dll
0x00007ffbea630000 - 0x00007ffbea65e000 	C:\WINDOWS\system32\SspiCli.dll
0x00007ffbeceb0000 - 0x00007ffbecf01000 	C:\WINDOWS\system32\SHLWAPI.dll
0x00007ffbeb070000 - 0x00007ffbeb1e7000 	C:\WINDOWS\system32\USER32.dll
0x00007ffbecf20000 - 0x00007ffbed0b4000 	C:\WINDOWS\system32\ole32.dll
0x00007ffbeb1f0000 - 0x00007ffbec718000 	C:\WINDOWS\system32\SHELL32.dll
0x00007ffbe9a10000 - 0x00007ffbe9a2e000 	C:\WINDOWS\SYSTEM32\USERENV.dll
0x00007ffbeac90000 - 0x00007ffbead3a000 	C:\WINDOWS\system32\ADVAPI32.dll
0x00007ffbda130000 - 0x00007ffbda14b000 	C:\WINDOWS\SYSTEM32\MPR.dll
0x00007ffbecd70000 - 0x00007ffbeceb0000 	C:\WINDOWS\system32\RPCRT4.dll
0x00007ffbecd10000 - 0x00007ffbecd69000 	C:\WINDOWS\SYSTEM32\sechost.dll
0x00007ffbeca90000 - 0x00007ffbecca1000 	C:\WINDOWS\SYSTEM32\combase.dll
0x00007ffbeaf20000 - 0x00007ffbeb06f000 	C:\WINDOWS\system32\GDI32.dll
0x00007ffbea220000 - 0x00007ffbea234000 	C:\WINDOWS\SYSTEM32\profapi.dll
0x00007ffbe8480000 - 0x00007ffbe8532000 	C:\WINDOWS\SYSTEM32\SHCORE.dll
0x00007ffbeab90000 - 0x00007ffbeabc4000 	C:\WINDOWS\system32\IMM32.DLL
0x00007ffbec930000 - 0x00007ffbeca82000 	C:\WINDOWS\system32\MSCTF.dll
0x00007ffbe69f0000 - 0x00007ffbe6c6b000 	C:\WINDOWS\WinSxS\amd64_microsoft.windows.common-controls_6595b64144ccf1df_6.0.9600.18006_none_623f33d3ecbe86e8\COMCTL32.dll
0x00000000649a0000 - 0x0000000064a71000 	C:\Program Files\Java\jdk1.8.0_201\jre\bin\msvcr100.dll
0x00000000640f0000 - 0x0000000064994000 	C:\Program Files\Java\jdk1.8.0_201\jre\bin\server\jvm.dll
0x00007ffbdff50000 - 0x00007ffbdff59000 	C:\WINDOWS\SYSTEM32\WSOCK32.dll
0x00007ffbe8230000 - 0x00007ffbe824f000 	C:\WINDOWS\SYSTEM32\WINMM.dll
0x00007ffbe24c0000 - 0x00007ffbe24ca000 	C:\WINDOWS\SYSTEM32\VERSION.dll
0x00007ffbea9a0000 - 0x00007ffbea9a7000 	C:\WINDOWS\system32\PSAPI.DLL
0x00007ffbead40000 - 0x00007ffbead9a000 	C:\WINDOWS\system32\WS2_32.dll
0x00007ffbe7970000 - 0x00007ffbe799a000 	C:\WINDOWS\SYSTEM32\WINMMBASE.dll
0x00007ffbecf10000 - 0x00007ffbecf19000 	C:\WINDOWS\system32\NSI.dll
0x00007ffbea5e0000 - 0x00007ffbea62a000 	C:\WINDOWS\SYSTEM32\cfgmgr32.dll
0x00007ffbe9080000 - 0x00007ffbe90a6000 	C:\WINDOWS\SYSTEM32\DEVOBJ.dll
0x00007ffbe5120000 - 0x00007ffbe512f000 	C:\Program Files\Java\jdk1.8.0_201\jre\bin\verify.dll
0x00007ffbdfcd0000 - 0x00007ffbdfcf9000 	C:\Program Files\Java\jdk1.8.0_201\jre\bin\java.dll
0x00007ffbe4e60000 - 0x00007ffbe4e76000 	C:\Program Files\Java\jdk1.8.0_201\jre\bin\zip.dll
0x00007ffbde820000 - 0x00007ffbde83a000 	C:\Program Files\Java\jdk1.8.0_201\jre\bin\net.dll
0x00007ffbe3060000 - 0x00007ffbe31e8000 	C:\WINDOWS\SYSTEM32\urlmon.dll
0x00007ffbe2d90000 - 0x00007ffbe305a000 	C:\WINDOWS\SYSTEM32\iertutil.dll
0x00007ffbe28e0000 - 0x00007ffbe2d8c000 	C:\WINDOWS\SYSTEM32\WININET.dll
0x00007ffbe9990000 - 0x00007ffbe99e9000 	C:\WINDOWS\system32\mswsock.dll
0x00007ffbde500000 - 0x00007ffbde511000 	C:\Program Files\Java\jdk1.8.0_201\jre\bin\nio.dll
0x00007ffbe4650000 - 0x00007ffbe465d000 	C:\Program Files\Java\jdk1.8.0_201\jre\bin\management.dll
0x00007ffbe1a20000 - 0x00007ffbe1a34000 	C:\WINDOWS\system32\napinsp.dll
0x00007ffbe1a00000 - 0x00007ffbe1a19000 	C:\WINDOWS\system32\pnrpnsp.dll
0x00007ffbe7a70000 - 0x00007ffbe7a8b000 	C:\WINDOWS\system32\NLAapi.dll
0x00007ffbe9800000 - 0x00007ffbe98a4000 	C:\WINDOWS\SYSTEM32\DNSAPI.dll
0x00007ffbe19f0000 - 0x00007ffbe19fc000 	C:\WINDOWS\System32\winrnr.dll
0x00007ffbe28d0000 - 0x00007ffbe28d9000 	C:\Windows\System32\rasadhlp.dll
0x00007ffbe4e10000 - 0x00007ffbe4e3a000 	C:\WINDOWS\SYSTEM32\IPHLPAPI.DLL
0x00007ffbe4d60000 - 0x00007ffbe4d6a000 	C:\WINDOWS\SYSTEM32\WINNSI.DLL
0x00007ffbe4a90000 - 0x00007ffbe4afb000 	C:\WINDOWS\System32\fwpuclnt.dll
0x00007ffbe9ae0000 - 0x00007ffbe9afe000 	C:\WINDOWS\SYSTEM32\CRYPTSP.dll
0x00007ffbe96b0000 - 0x00007ffbe96e6000 	C:\WINDOWS\system32\rsaenh.dll
0x00007ffbe9d20000 - 0x00007ffbe9d46000 	C:\WINDOWS\SYSTEM32\bcrypt.dll
0x00007ffbea020000 - 0x00007ffbea083000 	C:\WINDOWS\system32\bcryptprimitives.dll
0x00007ffbea090000 - 0x00007ffbea09a000 	C:\WINDOWS\SYSTEM32\CRYPTBASE.dll
0x00007ffbe4730000 - 0x00007ffbe4744000 	C:\WINDOWS\SYSTEM32\dhcpcsvc6.DLL
0x00007ffbe49b0000 - 0x00007ffbe49c9000 	C:\WINDOWS\SYSTEM32\dhcpcsvc.DLL
0x00007ffbe7530000 - 0x00007ffbe7560000 	C:\WINDOWS\SYSTEM32\ntmarta.dll
0x0000000180000000 - 0x0000000180038000 	C:\Users\rafael_2\AppData\Local\Temp\jna-18297028\jna8336046165394265268.dll

VM Arguments:
jvm_args: -ea -Dfile.encoding=UTF-8 
java_command: org.eclipse.jdt.internal.junit.runner.RemoteTestRunner -version 3 -port 50408 -testLoaderClass org.eclipse.jdt.internal.junit5.runner.JUnit5TestLoader -loaderpluginname org.eclipse.jdt.junit5.runtime -classNames com.b2w.desafio.DesafioApplicationTests -uniqueId [engine:junit-jupiter]/[class:com.b2w.desafio.DesafioApplicationTests]
java_class_path (initial): C:\Users\rafael_2\desafio_b2w\desafio\target\test-classes;C:\Users\rafael_2\desafio_b2w\desafio\target\classes;C:\Users\rafael_2\.m2\repository\com\google\code\gson\gson\2.8.6\gson-2.8.6.jar;C:\Users\rafael_2\.m2\repository\org\springframework\boot\spring-boot-starter-data-mongodb\2.3.0.RELEASE\spring-boot-starter-data-mongodb-2.3.0.RELEASE.jar;C:\Users\rafael_2\.m2\repository\org\springframework\boot\spring-boot-starter\2.3.0.RELEASE\spring-boot-starter-2.3.0.RELEASE.jar;C:\Users\rafael_2\.m2\repository\org\springframework\boot\spring-boot\2.3.0.RELEASE\spring-boot-2.3.0.RELEASE.jar;C:\Users\rafael_2\.m2\repository\org\springframework\boot\spring-boot-autoconfigure\2.3.0.RELEASE\spring-boot-autoconfigure-2.3.0.RELEASE.jar;C:\Users\rafael_2\.m2\repository\org\springframework\boot\spring-boot-starter-logging\2.3.0.RELEASE\spring-boot-starter-logging-2.3.0.RELEASE.jar;C:\Users\rafael_2\.m2\repository\ch\qos\logback\logback-classic\1.2.3\logback-classic-1.2.3.jar;C:\Users\rafael_2\.m2\repository\ch\qos\logback\logback-core\1.2.3\logback-core-1.2.3.jar;C:\Users\rafael_2\.m2\repository\org\apache\logging\log4j\log4j-to-slf4j\2.13.2\log4j-to-slf4j-2.13.2.jar;C:\Users\rafael_2\.m2\repository\org\apache\logging\log4j\log4j-api\2.13.2\log4j-api-2.13.2.jar;C:\Users\rafael_2\.m2\repository\org\slf4j\jul-to-slf4j\1.7.30\jul-to-slf4j-1.7.30.jar;C:\Users\rafael_2\.m2\repository\jakarta\annotation\jakarta.annotation-api\1.3.5\jakarta.annotation-api-1.3.5.jar;C:\Users\rafael_2\.m2\repository\org\yaml\snakeyaml\1.26\snakeyaml-1.26.jar;C:\Users\rafael_2\.m2\repository\org\mongodb\mongodb-driver-sync\4.0.3\mongodb-driver-sync-4.0.3.jar;C:\Users\rafael_2\.m2\repository\org\mongodb\bson\4.0.3\bson-4.0.3.jar;C:\Users\rafael_2\.m2\repository\org\mongodb\mongodb-driver-core\4.0.3\mongodb-driver-core-4.0.3.jar;C:\Users\rafael_2\.m2\repository\org\springframework\data\spring-data-mongodb\3.0.0.RELEASE\spring-data-mongodb-3.0.0.RELEASE.jar;C:\Users\rafael_2\.m2\re
Launcher Type: SUN_STANDARD

Environment Variables:
JAVA_HOME=C:\Program Files\Java\jdk1.8.0_201
CLASSPATH=%CLASSPATH%;%JUNIT_HOME%\junit-4.12.jar;%JUNIT_HOME%\hamcrest-core-1.3.jar;.;;C:\Program Files\Java\junit-4.12\junit-4.12.jar;C:\Program Files\Java\junit-4.12\hamcrest-core-1.3.jar;.;;C:\Program Files\Java\junit-4.12\junit-4.12.jar;C:\Program Files\Java\junit-4.12\hamcrest-core-1.3.jar;.;
PATH=C:/Program Files/Java/jre1.8.0_191/bin/server;C:/Program Files/Java/jre1.8.0_191/bin;C:/Program Files/Java/jre1.8.0_191/lib/amd64;C:\Users\rafael_2\AppData\Local\Android\Sdk;C:\Users\rafael_2\AppData\Local\Android\Sdk\emulator;C:\Users\rafael_2\AppData\Local\Android\Sdk\tools\bin;C:\Users\rafael_2\AppData\Local\Android\Sdk\tools;C:\Users\rafael_2\AppData\Local\Android\Sdk\platform-tools;C:\Users\rafael_2\AppData\Local\Android\Sdk\build-tools;C:\Qt\5.13.0\msvc2017_64\bin;C:\curl-7.64.1-win64-mingw\bin;C:\Users\rafael_2\eclipse\jee-2019-03\eclipse;C:\Program Files\Java\apache-maven-3.6.1\bin;C:\Program Files\Java\gradle-5.4\bin;C:\Program Files\Java\spring-boot-cli-2.1.4.RELEASE-bin\spring-2.1.4.RELEASE\bin;C:\Program Files (x86)\Common Files\Oracle\Java\javapath;C:\Program Files\Java\jdk1.8.0_201\bin;C:\ProgramData\Oracle\Java\javapath;C:\Program Files (x86)\Intel\iCLS Client\;C:\Program Files\Intel\iCLS Client\;C:\WINDOWS\system32;C:\WINDOWS;C:\WINDOWS\System32\Wbem;C:\WINDOWS\System32\WindowsPowerShell\v1.0\;C:\Program Files (x86)\Intel\OpenCL SDK\3.0\bin\x86;C:\Program Files (x86)\Intel\OpenCL SDK\3.0\bin\x64;C:\Program Files\Intel\Intel(R) Management Engine Components\DAL;C:\Program Files\Intel\Intel(R) Management Engine Components\IPT;C:\Program Files (x86)\Intel\Intel(R) Management Engine Components\DAL;C:\Program Files (x86)\Intel\Intel(R) Management Engine Components\IPT;C:\Program Files (x86)\GtkSharp\2.12\bin;C:\Program Files (x86)\Windows Live\Shared;C:\Program Files\Git\cmd;C:\Program Files\LLVM\bin;C:\Program Files (x86)\Windows Kits\8.1\Windows Performance Toolkit\;C:\Users\rafael_2\AppData\Roaming\nvm;C:\Program Files\nodejs;;C:\Users\rafael_2\AppData\Roaming\npm;C:\Users\rafael_2\AppData\Local\Programs\Microsoft VS Code\bin;C:\Users\rafael_2\AppData\Roaming\nvm;C:\Program Files\nodejs;C:\WINDOWS\system32;
USERNAME=rafael_2
OS=Windows_NT
PROCESSOR_IDENTIFIER=Intel64 Family 6 Model 69 Stepping 1, GenuineIntel



---------------  S Y S T E M  ---------------

OS: Windows 8.1 , 64 bit Build 9600 (6.3.9600.17056)

CPU:total 4 (initial active 4) (2 cores per cpu, 2 threads per core) family 6 model 69 stepping 1, cmov, cx8, fxsr, mmx, sse, sse2, sse3, ssse3, sse4.1, sse4.2, popcnt, avx, avx2, aes, clmul, erms, lzcnt, ht, tsc, tscinvbit, bmi1, bmi2

Memory: 4k page, physical 6168856k(863276k free), swap 6168856k(4832k free)

vm_info: Java HotSpot(TM) 64-Bit Server VM (25.201-b09) for windows-amd64 JRE (1.8.0_201-b09), built on Dec 15 2018 18:36:39 by "java_re" with MS VC++ 10.0 (VS2010)

time: Wed May 20 05:29:29 2020
timezone: Hora oficial do Brasil
elapsed time: 26 seconds (0d 0h 0m 26s)

