#
# There is insufficient memory for the Java Runtime Environment to continue.
# Native memory allocation (malloc) failed to allocate 229616 bytes for Chunk::new
# Possible reasons:
#   The system is out of physical RAM or swap space
#   The process is running with CompressedOops enabled, and the Java Heap may be blocking the growth of the native heap
# Possible solutions:
#   Reduce memory load on the system
#   Increase physical memory or swap space
#   Check if swap backing store is full
#   Decrease Java heap size (-Xmx/-Xms)
#   Decrease number of Java threads
#   Decrease Java thread stack sizes (-Xss)
#   Set larger code cache with -XX:ReservedCodeCacheSize=
#   JVM is running with Unscaled Compressed Oops mode in which the Java heap is
#     placed in the first 4GB address space. The Java Heap base address is the
#     maximum limit for the native heap growth. Please use -XX:HeapBaseMinAddress
#     to set the Java Heap base and to place the Java Heap above 4GB virtual address.
# This output file may be truncated or incomplete.
#
#  Out of Memory Error (allocation.cpp:390), pid=6904, tid=0x00000000000011c8
#
# JRE version: Java(TM) SE Runtime Environment (8.0_201-b09) (build 1.8.0_201-b09)
# Java VM: Java HotSpot(TM) 64-Bit Server VM (25.201-b09 mixed mode windows-amd64 compressed oops)
# Failed to write core dump. Minidumps are not enabled by default on client versions of Windows
#

---------------  T H R E A D  ---------------

Current thread (0x0000000017641000):  JavaThread "C2 CompilerThread1" daemon [_thread_in_native, id=4552, stack(0x00000000181c0000,0x00000000182c0000)]

Stack: [0x00000000181c0000,0x00000000182c0000]
[error occurred during error reporting (printing stack bounds), id 0xc0000005]

Native frames: (J=compiled Java code, j=interpreted, Vv=VM code, C=native code)


Current CompileTask:
C2:  18502 2996       4       java.io.DataOutputStream::writeUTF (435 bytes)


---------------  P R O C E S S  ---------------

Java Threads: ( => current thread )
  0x0000000017b39800 JavaThread "ReaderThread" [_thread_in_native, id=2964, stack(0x0000000019590000,0x0000000019690000)]
  0x0000000017452000 JavaThread "Service Thread" daemon [_thread_blocked, id=3492, stack(0x00000000183c0000,0x00000000184c0000)]
  0x0000000017569000 JavaThread "C1 CompilerThread2" daemon [_thread_in_vm, id=2780, stack(0x00000000182c0000,0x00000000183c0000)]
=>0x0000000017641000 JavaThread "C2 CompilerThread1" daemon [_thread_in_native, id=4552, stack(0x00000000181c0000,0x00000000182c0000)]
  0x0000000017577000 JavaThread "C2 CompilerThread0" daemon [_thread_in_native, id=6812, stack(0x00000000180c0000,0x00000000181c0000)]
  0x0000000017536000 JavaThread "org.jacoco.agent.rt.internal_43f5073.output.TcpClientOutput" daemon [_thread_in_native, id=3440, stack(0x0000000017fc0000,0x00000000180c0000)]
  0x0000000015aa4800 JavaThread "Attach Listener" daemon [_thread_blocked, id=1080, stack(0x0000000016fe0000,0x00000000170e0000)]
  0x0000000015aa3000 JavaThread "Signal Dispatcher" daemon [_thread_blocked, id=7292, stack(0x0000000016ee0000,0x0000000016fe0000)]
  0x0000000015a8d000 JavaThread "Finalizer" daemon [_thread_blocked, id=2320, stack(0x0000000016cf0000,0x0000000016df0000)]
  0x0000000002018000 JavaThread "Reference Handler" daemon [_thread_blocked, id=8064, stack(0x0000000016bf0000,0x0000000016cf0000)]
  0x0000000001f29000 JavaThread "main" [_thread_in_native, id=7216, stack(0x0000000001e20000,0x0000000001f20000)]

Other Threads:
  0x0000000015a67800 VMThread [stack: 0x0000000016af0000,0x0000000016bf0000] [id=7616]
  0x000000001763c800 WatcherThread [stack: 0x00000000184c0000,0x00000000185c0000] [id=5504]

VM state:not at safepoint (normal execution)

VM Mutex/Monitor currently owned by a thread: None

heap address: 0x00000000a1c00000, size: 1508 MB, Compressed Oops mode: 32-bit
Narrow klass base: 0x0000000000000000, Narrow klass shift: 3
Compressed class space size: 1073741824 Address: 0x0000000100000000

Heap:
 PSYoungGen      total 101888K, used 47589K [0x00000000e0980000, 0x00000000e9b00000, 0x0000000100000000)
  eden space 96768K, 48% used [0x00000000e0980000,0x00000000e377eae8,0x00000000e6800000)
  from space 5120K, 9% used [0x00000000e6e80000,0x00000000e6efabb0,0x00000000e7380000)
  to   space 6656K, 0% used [0x00000000e6800000,0x00000000e6800000,0x00000000e6e80000)
 ParOldGen       total 37376K, used 8176K [0x00000000a1c00000, 0x00000000a4080000, 0x00000000e0980000)
  object space 37376K, 21% used [0x00000000a1c00000,0x00000000a23fc1f0,0x00000000a4080000)
 Metaspace       used 27028K, capacity 28514K, committed 28796K, reserved 1075200K
  class space    used 3134K, capacity 3427K, committed 3456K, reserved 1048576K

Card table byte_map: [0x00000000115e0000,0x00000000118e0000] byte_map_base: 0x00000000110d2000

Marking Bits: (ParMarkBitMap*) 0x0000000064914ce0
 Begin Bits: [0x0000000011ee0000, 0x0000000013670000)
 End Bits:   [0x0000000013670000, 0x0000000014e00000)

Polling page: 0x0000000001cd0000

CodeCache: size=245760Kb used=9406Kb max_used=9406Kb free=236353Kb
 bounds [0x0000000002220000, 0x0000000002b60000, 0x0000000011220000]
 total_blobs=3046 nmethods=2655 adapters=301
 compilation: enabled

Compilation events (10 events):
Event: 18.469 Thread 0x0000000017569000 3009       3       java.nio.charset.CharsetEncoder::implOnUnmappableCharacter (1 bytes)
Event: 18.469 Thread 0x0000000017569000 nmethod 3009 0x0000000002b4c5d0 code [0x0000000002b4c720, 0x0000000002b4c870]
Event: 18.470 Thread 0x0000000017569000 3010       3       org.springframework.core.annotation.TypeMappedAnnotations::get (93 bytes)
Event: 18.473 Thread 0x0000000017569000 nmethod 3010 0x0000000002b54b50 code [0x0000000002b54d80, 0x0000000002b55698]
Event: 18.478 Thread 0x0000000017569000 3011       3       org.springframework.core.annotation.MergedAnnotationsCollection::of (47 bytes)
Event: 18.480 Thread 0x0000000017569000 nmethod 3011 0x0000000002b4ba90 code [0x0000000002b4bc60, 0x0000000002b4c1e8]
Event: 18.488 Thread 0x0000000017569000 3014       3       java.util.LinkedHashSet::<init> (9 bytes)
Event: 18.490 Thread 0x0000000017569000 nmethod 3014 0x0000000002b55e50 code [0x0000000002b56000, 0x0000000002b56408]
Event: 18.490 Thread 0x0000000017569000 3015       3       java.util.ArrayDeque::<init> (14 bytes)
Event: 18.490 Thread 0x0000000017569000 nmethod 3015 0x0000000002b56650 code [0x0000000002b567c0, 0x0000000002b56a70]

GC Heap History (10 events):
Event: 14.013 GC heap before
{Heap before GC invocations=9 (full 1):
 PSYoungGen      total 102400K, used 2802K [0x00000000e0980000, 0x00000000e7580000, 0x0000000100000000)
  eden space 97280K, 0% used [0x00000000e0980000,0x00000000e0980000,0x00000000e6880000)
  from space 5120K, 54% used [0x00000000e6e80000,0x00000000e713cba8,0x00000000e7380000)
  to   space 6144K, 0% used [0x00000000e6880000,0x00000000e6880000,0x00000000e6e80000)
 ParOldGen       total 65536K, used 3879K [0x00000000a1c00000, 0x00000000a5c00000, 0x00000000e0980000)
  object space 65536K, 5% used [0x00000000a1c00000,0x00000000a1fc9f98,0x00000000a5c00000)
 Metaspace       used 20293K, capacity 21482K, committed 21628K, reserved 1069056K
  class space    used 2382K, capacity 2617K, committed 2688K, reserved 1048576K
Event: 14.175 GC heap after
Heap after GC invocations=9 (full 1):
 PSYoungGen      total 102400K, used 0K [0x00000000e0980000, 0x00000000e7580000, 0x0000000100000000)
  eden space 97280K, 0% used [0x00000000e0980000,0x00000000e0980000,0x00000000e6880000)
  from space 5120K, 0% used [0x00000000e6e80000,0x00000000e6e80000,0x00000000e7380000)
  to   space 6144K, 0% used [0x00000000e6880000,0x00000000e6880000,0x00000000e6e80000)
 ParOldGen       total 37376K, used 5467K [0x00000000a1c00000, 0x00000000a4080000, 0x00000000e0980000)
  object space 37376K, 14% used [0x00000000a1c00000,0x00000000a2156fb8,0x00000000a4080000)
 Metaspace       used 20293K, capacity 21482K, committed 21628K, reserved 1069056K
  class space    used 2382K, capacity 2617K, committed 2688K, reserved 1048576K
}
Event: 15.532 GC heap before
{Heap before GC invocations=10 (full 1):
 PSYoungGen      total 102400K, used 97280K [0x00000000e0980000, 0x00000000e7580000, 0x0000000100000000)
  eden space 97280K, 100% used [0x00000000e0980000,0x00000000e6880000,0x00000000e6880000)
  from space 5120K, 0% used [0x00000000e6e80000,0x00000000e6e80000,0x00000000e7380000)
  to   space 6144K, 0% used [0x00000000e6880000,0x00000000e6880000,0x00000000e6e80000)
 ParOldGen       total 37376K, used 5467K [0x00000000a1c00000, 0x00000000a4080000, 0x00000000e0980000)
  object space 37376K, 14% used [0x00000000a1c00000,0x00000000a2156fb8,0x00000000a4080000)
 Metaspace       used 23199K, capacity 24442K, committed 24828K, reserved 1071104K
  class space    used 2710K, capacity 2957K, committed 3072K, reserved 1048576K
Event: 15.544 GC heap after
Heap after GC invocations=10 (full 1):
 PSYoungGen      total 103424K, used 3390K [0x00000000e0980000, 0x00000000e7580000, 0x0000000100000000)
  eden space 97280K, 0% used [0x00000000e0980000,0x00000000e0980000,0x00000000e6880000)
  from space 6144K, 55% used [0x00000000e6880000,0x00000000e6bcf9d0,0x00000000e6e80000)
  to   space 5120K, 0% used [0x00000000e6e80000,0x00000000e6e80000,0x00000000e7380000)
 ParOldGen       total 37376K, used 5475K [0x00000000a1c00000, 0x00000000a4080000, 0x00000000e0980000)
  object space 37376K, 14% used [0x00000000a1c00000,0x00000000a2158fb8,0x00000000a4080000)
 Metaspace       used 23199K, capacity 24442K, committed 24828K, reserved 1071104K
  class space    used 2710K, capacity 2957K, committed 3072K, reserved 1048576K
}
Event: 17.315 GC heap before
{Heap before GC invocations=11 (full 1):
 PSYoungGen      total 103424K, used 100670K [0x00000000e0980000, 0x00000000e7580000, 0x0000000100000000)
  eden space 97280K, 100% used [0x00000000e0980000,0x00000000e6880000,0x00000000e6880000)
  from space 6144K, 55% used [0x00000000e6880000,0x00000000e6bcf9d0,0x00000000e6e80000)
  to   space 5120K, 0% used [0x00000000e6e80000,0x00000000e6e80000,0x00000000e7380000)
 ParOldGen       total 37376K, used 5475K [0x00000000a1c00000, 0x00000000a4080000, 0x00000000e0980000)
  object space 37376K, 14% used [0x00000000a1c00000,0x00000000a2158fb8,0x00000000a4080000)
 Metaspace       used 26206K, capacity 27638K, committed 27772K, reserved 1073152K
  class space    used 3060K, capacity 3349K, committed 3456K, reserved 1048576K
Event: 17.329 GC heap after
Heap after GC invocations=11 (full 1):
 PSYoungGen      total 102400K, used 4709K [0x00000000e0980000, 0x00000000e7580000, 0x0000000100000000)
  eden space 97280K, 0% used [0x00000000e0980000,0x00000000e0980000,0x00000000e6880000)
  from space 5120K, 91% used [0x00000000e6e80000,0x00000000e7319538,0x00000000e7380000)
  to   space 6144K, 0% used [0x00000000e6880000,0x00000000e6880000,0x00000000e6e80000)
 ParOldGen       total 37376K, used 5483K [0x00000000a1c00000, 0x00000000a4080000, 0x00000000e0980000)
  object space 37376K, 14% used [0x00000000a1c00000,0x00000000a215afb8,0x00000000a4080000)
 Metaspace       used 26206K, capacity 27638K, committed 27772K, reserved 1073152K
  class space    used 3060K, capacity 3349K, committed 3456K, reserved 1048576K
}
Event: 17.795 GC heap before
{Heap before GC invocations=12 (full 1):
 PSYoungGen      total 102400K, used 101989K [0x00000000e0980000, 0x00000000e7580000, 0x0000000100000000)
  eden space 97280K, 100% used [0x00000000e0980000,0x00000000e6880000,0x00000000e6880000)
  from space 5120K, 91% used [0x00000000e6e80000,0x00000000e7319538,0x00000000e7380000)
  to   space 6144K, 0% used [0x00000000e6880000,0x00000000e6880000,0x00000000e6e80000)
 ParOldGen       total 37376K, used 5483K [0x00000000a1c00000, 0x00000000a4080000, 0x00000000e0980000)
  object space 37376K, 14% used [0x00000000a1c00000,0x00000000a215afb8,0x00000000a4080000)
 Metaspace       used 26577K, capacity 27982K, committed 28284K, reserved 1075200K
  class space    used 3094K, capacity 3389K, committed 3456K, reserved 1048576K
Event: 17.805 GC heap after
Heap after GC invocations=12 (full 1):
 PSYoungGen      total 103424K, used 902K [0x00000000e0980000, 0x00000000e7580000, 0x0000000100000000)
  eden space 97280K, 0% used [0x00000000e0980000,0x00000000e0980000,0x00000000e6880000)
  from space 6144K, 14% used [0x00000000e6880000,0x00000000e6961ab8,0x00000000e6e80000)
  to   space 5120K, 0% used [0x00000000e6e80000,0x00000000e6e80000,0x00000000e7380000)
 ParOldGen       total 37376K, used 7816K [0x00000000a1c00000, 0x00000000a4080000, 0x00000000e0980000)
  object space 37376K, 20% used [0x00000000a1c00000,0x00000000a23a21f0,0x00000000a4080000)
 Metaspace       used 26577K, capacity 27982K, committed 28284K, reserved 1075200K
  class space    used 3094K, capacity 3389K, committed 3456K, reserved 1048576K
}
Event: 18.123 GC heap before
{Heap before GC invocations=13 (full 1):
 PSYoungGen      total 103424K, used 98182K [0x00000000e0980000, 0x00000000e7580000, 0x0000000100000000)
  eden space 97280K, 100% used [0x00000000e0980000,0x00000000e6880000,0x00000000e6880000)
  from space 6144K, 14% used [0x00000000e6880000,0x00000000e6961ab8,0x00000000e6e80000)
  to   space 5120K, 0% used [0x00000000e6e80000,0x00000000e6e80000,0x00000000e7380000)
 ParOldGen       total 37376K, used 7816K [0x00000000a1c00000, 0x00000000a4080000, 0x00000000e0980000)
  object space 37376K, 20% used [0x00000000a1c00000,0x00000000a23a21f0,0x00000000a4080000)
 Metaspace       used 26773K, capacity 28288K, committed 28540K, reserved 1075200K
  class space    used 3108K, capacity 3422K, committed 3456K, reserved 1048576K
Event: 18.127 GC heap after
Heap after GC invocations=13 (full 1):
 PSYoungGen      total 101888K, used 490K [0x00000000e0980000, 0x00000000e9b00000, 0x0000000100000000)
  eden space 96768K, 0% used [0x00000000e0980000,0x00000000e0980000,0x00000000e6800000)
  from space 5120K, 9% used [0x00000000e6e80000,0x00000000e6efabb0,0x00000000e7380000)
  to   space 6656K, 0% used [0x00000000e6800000,0x00000000e6800000,0x00000000e6e80000)
 ParOldGen       total 37376K, used 8176K [0x00000000a1c00000, 0x00000000a4080000, 0x00000000e0980000)
  object space 37376K, 21% used [0x00000000a1c00000,0x00000000a23fc1f0,0x00000000a4080000)
 Metaspace       used 26773K, capacity 28288K, committed 28540K, reserved 1075200K
  class space    used 3108K, capacity 3422K, committed 3456K, reserved 1048576K
}

Deoptimization events (10 events):
Event: 16.807 Thread 0x0000000019275000 Uncommon trap: reason=unstable_if action=reinterpret pc=0x0000000002773898 method=org.jacoco.agent.rt.internal_43f5073.asm.Type.getArgumentsAndReturnSizes(Ljava/lang/String;)I @ 19
Event: 17.268 Thread 0x0000000001f29000 Uncommon trap: reason=class_check action=maybe_recompile pc=0x000000000284ef1c method=java.util.HashMap.putVal(ILjava/lang/Object;Ljava/lang/Object;ZZ)Ljava/lang/Object; @ 203
Event: 17.271 Thread 0x0000000001f29000 Uncommon trap: reason=class_check action=maybe_recompile pc=0x000000000284ef1c method=java.util.HashMap.putVal(ILjava/lang/Object;Ljava/lang/Object;ZZ)Ljava/lang/Object; @ 203
Event: 17.455 Thread 0x0000000001f29000 Uncommon trap: reason=class_check action=maybe_recompile pc=0x000000000276b904 method=java.util.HashMap.putVal(ILjava/lang/Object;Ljava/lang/Object;ZZ)Ljava/lang/Object; @ 203
Event: 17.467 Thread 0x0000000001f29000 Uncommon trap: reason=class_check action=maybe_recompile pc=0x000000000284ef1c method=java.util.HashMap.putVal(ILjava/lang/Object;Ljava/lang/Object;ZZ)Ljava/lang/Object; @ 203
Event: 18.127 Thread 0x0000000001f29000 Uncommon trap: reason=predicate action=maybe_recompile pc=0x0000000002afc38c method=java.util.AbstractCollection.toArray([Ljava/lang/Object;)[Ljava/lang/Object; @ 49
Event: 18.228 Thread 0x0000000001f29000 Uncommon trap: reason=array_check action=maybe_recompile pc=0x0000000002b0a000 method=java.util.AbstractCollection.toArray([Ljava/lang/Object;)[Ljava/lang/Object; @ 119
Event: 18.229 Thread 0x0000000001f29000 Uncommon trap: reason=array_check action=maybe_recompile pc=0x0000000002b0a000 method=java.util.AbstractCollection.toArray([Ljava/lang/Object;)[Ljava/lang/Object; @ 119
Event: 18.231 Thread 0x0000000001f29000 Uncommon trap: reason=array_check action=maybe_recompile pc=0x0000000002b0a000 method=java.util.AbstractCollection.toArray([Ljava/lang/Object;)[Ljava/lang/Object; @ 119
Event: 18.232 Thread 0x0000000001f29000 Uncommon trap: reason=array_check action=maybe_recompile pc=0x0000000002b0a000 method=java.util.AbstractCollection.toArray([Ljava/lang/Object;)[Ljava/lang/Object; @ 119

Classes redefined (0 events):
No events

Internal exceptions (10 events):
Event: 17.789 Thread 0x0000000001f29000 Implicit null exception at 0x00000000024b6a70 to 0x00000000024b7296
Event: 17.789 Thread 0x0000000001f29000 Exception <a 'java/lang/NullPointerException'> (0x00000000e65bfb50) thrown at [C:\re\workspace\8-2-build-windows-amd64-cygwin\jdk8u201\12322\hotspot\src\share\vm\runtime\sharedRuntime.cpp, line 605]
Event: 18.193 Thread 0x0000000001f29000 Implicit null exception at 0x00000000024b6a70 to 0x00000000024b7296
Event: 18.193 Thread 0x0000000001f29000 Exception <a 'java/lang/NullPointerException'> (0x00000000e1cf2c38) thrown at [C:\re\workspace\8-2-build-windows-amd64-cygwin\jdk8u201\12322\hotspot\src\share\vm\runtime\sharedRuntime.cpp, line 605]
Event: 18.262 Thread 0x0000000001f29000 Implicit null exception at 0x00000000024b6a70 to 0x00000000024b7296
Event: 18.262 Thread 0x0000000001f29000 Exception <a 'java/lang/NullPointerException'> (0x00000000e2f81f88) thrown at [C:\re\workspace\8-2-build-windows-amd64-cygwin\jdk8u201\12322\hotspot\src\share\vm\runtime\sharedRuntime.cpp, line 605]
Event: 18.276 Thread 0x0000000001f29000 Implicit null exception at 0x00000000024b6a70 to 0x00000000024b7296
Event: 18.277 Thread 0x0000000001f29000 Exception <a 'java/lang/NullPointerException'> (0x00000000e3030040) thrown at [C:\re\workspace\8-2-build-windows-amd64-cygwin\jdk8u201\12322\hotspot\src\share\vm\runtime\sharedRuntime.cpp, line 605]
Event: 18.305 Thread 0x0000000001f29000 Implicit null exception at 0x00000000024b6a70 to 0x00000000024b7296
Event: 18.306 Thread 0x0000000001f29000 Exception <a 'java/lang/NullPointerException'> (0x00000000e3111448) thrown at [C:\re\workspace\8-2-build-windows-amd64-cygwin\jdk8u201\12322\hotspot\src\share\vm\runtime\sharedRuntime.cpp, line 605]

Events (10 events):
Event: 18.433 loading class com/fasterxml/jackson/annotation/JsonInclude
Event: 18.433 loading class com/fasterxml/jackson/annotation/JsonInclude done
Event: 18.436 loading class com/fasterxml/jackson/annotation/JacksonAnnotation
Event: 18.436 loading class com/fasterxml/jackson/annotation/JacksonAnnotation done
Event: 18.441 loading class com/fasterxml/jackson/annotation/JsonIgnore
Event: 18.441 loading class com/fasterxml/jackson/annotation/JsonIgnore done
Event: 18.447 Executing VM operation: BulkRevokeBias
Event: 18.448 Executing VM operation: BulkRevokeBias done
Event: 18.489 Executing VM operation: BulkRevokeBias
Event: 18.489 Executing VM operation: BulkRevokeBias done


Dynamic libraries:
0x00007ff7fe3b0000 - 0x00007ff7fe3e7000 	C:\Program Files\Java\jdk1.8.0_201\bin\javaw.exe
0x00007ffbed0c0000 - 0x00007ffbed26d000 	C:\WINDOWS\SYSTEM32\ntdll.dll
0x00007ffbec740000 - 0x00007ffbec87a000 	C:\WINDOWS\system32\KERNEL32.DLL
0x00007ffbea660000 - 0x00007ffbea775000 	C:\WINDOWS\system32\KERNELBASE.dll
0x00007ffbe8e20000 - 0x00007ffbe8eae000 	C:\WINDOWS\system32\apphelp.dll
0x00007ffbd91d0000 - 0x00007ffbd9223000 	C:\WINDOWS\AppPatch\AppPatch64\AcGenral.DLL
0x00007ffbeabd0000 - 0x00007ffbeac77000 	C:\WINDOWS\system32\msvcrt.dll
0x00007ffbea630000 - 0x00007ffbea65e000 	C:\WINDOWS\system32\SspiCli.dll
0x00007ffbeceb0000 - 0x00007ffbecf01000 	C:\WINDOWS\system32\SHLWAPI.dll
0x00007ffbeb070000 - 0x00007ffbeb1e7000 	C:\WINDOWS\system32\USER32.dll
0x00007ffbecf20000 - 0x00007ffbed0b4000 	C:\WINDOWS\system32\ole32.dll
0x00007ffbeb1f0000 - 0x00007ffbec718000 	C:\WINDOWS\system32\SHELL32.dll
0x00007ffbe9a10000 - 0x00007ffbe9a2e000 	C:\WINDOWS\SYSTEM32\USERENV.dll
0x00007ffbeac90000 - 0x00007ffbead3a000 	C:\WINDOWS\system32\ADVAPI32.dll
0x00007ffbda130000 - 0x00007ffbda14b000 	C:\WINDOWS\SYSTEM32\MPR.dll
0x00007ffbecd70000 - 0x00007ffbeceb0000 	C:\WINDOWS\system32\RPCRT4.dll
0x00007ffbecd10000 - 0x00007ffbecd69000 	C:\WINDOWS\SYSTEM32\sechost.dll
0x00007ffbeca90000 - 0x00007ffbecca1000 	C:\WINDOWS\SYSTEM32\combase.dll
0x00007ffbeaf20000 - 0x00007ffbeb06f000 	C:\WINDOWS\system32\GDI32.dll
0x00007ffbea220000 - 0x00007ffbea234000 	C:\WINDOWS\SYSTEM32\profapi.dll
0x00007ffbe8480000 - 0x00007ffbe8532000 	C:\WINDOWS\SYSTEM32\SHCORE.dll
0x00007ffbeab90000 - 0x00007ffbeabc4000 	C:\WINDOWS\system32\IMM32.DLL
0x00007ffbec930000 - 0x00007ffbeca82000 	C:\WINDOWS\system32\MSCTF.dll
0x00007ffbe69f0000 - 0x00007ffbe6c6b000 	C:\WINDOWS\WinSxS\amd64_microsoft.windows.common-controls_6595b64144ccf1df_6.0.9600.18006_none_623f33d3ecbe86e8\COMCTL32.dll
0x00000000649a0000 - 0x0000000064a71000 	C:\Program Files\Java\jdk1.8.0_201\jre\bin\msvcr100.dll
0x00000000640f0000 - 0x0000000064994000 	C:\Program Files\Java\jdk1.8.0_201\jre\bin\server\jvm.dll
0x00007ffbdff50000 - 0x00007ffbdff59000 	C:\WINDOWS\SYSTEM32\WSOCK32.dll
0x00007ffbe8230000 - 0x00007ffbe824f000 	C:\WINDOWS\SYSTEM32\WINMM.dll
0x00007ffbe24c0000 - 0x00007ffbe24ca000 	C:\WINDOWS\SYSTEM32\VERSION.dll
0x00007ffbea9a0000 - 0x00007ffbea9a7000 	C:\WINDOWS\system32\PSAPI.DLL
0x00007ffbead40000 - 0x00007ffbead9a000 	C:\WINDOWS\system32\WS2_32.dll
0x00007ffbe7970000 - 0x00007ffbe799a000 	C:\WINDOWS\SYSTEM32\WINMMBASE.dll
0x00007ffbecf10000 - 0x00007ffbecf19000 	C:\WINDOWS\system32\NSI.dll
0x00007ffbea5e0000 - 0x00007ffbea62a000 	C:\WINDOWS\SYSTEM32\cfgmgr32.dll
0x00007ffbe9080000 - 0x00007ffbe90a6000 	C:\WINDOWS\SYSTEM32\DEVOBJ.dll
0x00007ffbe4650000 - 0x00007ffbe465f000 	C:\Program Files\Java\jdk1.8.0_201\jre\bin\verify.dll
0x00007ffbdd710000 - 0x00007ffbdd739000 	C:\Program Files\Java\jdk1.8.0_201\jre\bin\java.dll
0x00007ffbdd260000 - 0x00007ffbdd283000 	C:\Program Files\Java\jdk1.8.0_201\jre\bin\instrument.dll
0x00007ffbdfca0000 - 0x00007ffbdfcb6000 	C:\Program Files\Java\jdk1.8.0_201\jre\bin\zip.dll
0x00007ffbde500000 - 0x00007ffbde51a000 	C:\Program Files\Java\jdk1.8.0_201\jre\bin\net.dll
0x00007ffbe3060000 - 0x00007ffbe31e8000 	C:\WINDOWS\SYSTEM32\urlmon.dll
0x00007ffbe2d90000 - 0x00007ffbe305a000 	C:\WINDOWS\SYSTEM32\iertutil.dll
0x00007ffbe28e0000 - 0x00007ffbe2d8c000 	C:\WINDOWS\SYSTEM32\WININET.dll
0x00007ffbe9990000 - 0x00007ffbe99e9000 	C:\WINDOWS\system32\mswsock.dll
0x00007ffbe1a20000 - 0x00007ffbe1a34000 	C:\WINDOWS\system32\napinsp.dll
0x00007ffbe1a00000 - 0x00007ffbe1a19000 	C:\WINDOWS\system32\pnrpnsp.dll
0x00007ffbe7a70000 - 0x00007ffbe7a8b000 	C:\WINDOWS\system32\NLAapi.dll
0x00007ffbe9800000 - 0x00007ffbe98a4000 	C:\WINDOWS\SYSTEM32\DNSAPI.dll
0x00007ffbe19f0000 - 0x00007ffbe19fc000 	C:\WINDOWS\System32\winrnr.dll
0x00007ffbe28d0000 - 0x00007ffbe28d9000 	C:\Windows\System32\rasadhlp.dll
0x00007ffbe4e10000 - 0x00007ffbe4e3a000 	C:\WINDOWS\SYSTEM32\IPHLPAPI.DLL
0x00007ffbe4d60000 - 0x00007ffbe4d6a000 	C:\WINDOWS\SYSTEM32\WINNSI.DLL
0x00007ffbe4a90000 - 0x00007ffbe4afb000 	C:\WINDOWS\System32\fwpuclnt.dll
0x00007ffbdda20000 - 0x00007ffbdda31000 	C:\Program Files\Java\jdk1.8.0_201\jre\bin\nio.dll
0x00007ffbe4640000 - 0x00007ffbe464d000 	C:\Program Files\Java\jdk1.8.0_201\jre\bin\management.dll

VM Arguments:
jvm_args: -javaagent:C:\Users\rafael_2\eclipse\java-2020-03\eclipse\configuration\org.eclipse.osgi\452\0\.cp\jacocoagent.jar=includes=*,excludes=,exclclassloader=sun.reflect.DelegatingClassLoader,output=tcpclient,port=49304 -ea -Dfile.encoding=UTF-8 
java_command: org.eclipse.jdt.internal.junit.runner.RemoteTestRunner -version 3 -port 49305 -testLoaderClass org.eclipse.jdt.internal.junit5.runner.JUnit5TestLoader -loaderpluginname org.eclipse.jdt.junit5.runtime -classNames com.b2w.desafio.DesafioApplicationTests
java_class_path (initial): C:\Users\rafael_2\desafio_b2w\desafio\target\test-classes;C:\Users\rafael_2\desafio_b2w\desafio\target\classes;C:\Users\rafael_2\.m2\repository\com\google\code\gson\gson\2.8.6\gson-2.8.6.jar;C:\Users\rafael_2\.m2\repository\org\springframework\boot\spring-boot-starter-data-mongodb\2.3.0.RELEASE\spring-boot-starter-data-mongodb-2.3.0.RELEASE.jar;C:\Users\rafael_2\.m2\repository\org\springframework\boot\spring-boot-starter\2.3.0.RELEASE\spring-boot-starter-2.3.0.RELEASE.jar;C:\Users\rafael_2\.m2\repository\org\springframework\boot\spring-boot\2.3.0.RELEASE\spring-boot-2.3.0.RELEASE.jar;C:\Users\rafael_2\.m2\repository\org\springframework\boot\spring-boot-autoconfigure\2.3.0.RELEASE\spring-boot-autoconfigure-2.3.0.RELEASE.jar;C:\Users\rafael_2\.m2\repository\org\springframework\boot\spring-boot-starter-logging\2.3.0.RELEASE\spring-boot-starter-logging-2.3.0.RELEASE.jar;C:\Users\rafael_2\.m2\repository\ch\qos\logback\logback-classic\1.2.3\logback-classic-1.2.3.jar;C:\Users\rafael_2\.m2\repository\ch\qos\logback\logback-core\1.2.3\logback-core-1.2.3.jar;C:\Users\rafael_2\.m2\repository\org\apache\logging\log4j\log4j-to-slf4j\2.13.2\log4j-to-slf4j-2.13.2.jar;C:\Users\rafael_2\.m2\repository\org\apache\logging\log4j\log4j-api\2.13.2\log4j-api-2.13.2.jar;C:\Users\rafael_2\.m2\repository\org\slf4j\jul-to-slf4j\1.7.30\jul-to-slf4j-1.7.30.jar;C:\Users\rafael_2\.m2\repository\jakarta\annotation\jakarta.annotation-api\1.3.5\jakarta.annotation-api-1.3.5.jar;C:\Users\rafael_2\.m2\repository\org\yaml\snakeyaml\1.26\snakeyaml-1.26.jar;C:\Users\rafael_2\.m2\repository\org\mongodb\mongodb-driver-sync\4.0.3\mongodb-driver-sync-4.0.3.jar;C:\Users\rafael_2\.m2\repository\org\mongodb\bson\4.0.3\bson-4.0.3.jar;C:\Users\rafael_2\.m2\repository\org\mongodb\mongodb-driver-core\4.0.3\mongodb-driver-core-4.0.3.jar;C:\Users\rafael_2\.m2\repository\org\springframework\data\spring-data-mongodb\3.0.0.RELEASE\spring-data-mongodb-3.0.0.RELEASE.jar;C:\Users\rafael_2\.m2\re
Launcher Type: SUN_STANDARD

Environment Variables:
JAVA_HOME=C:\Program Files\Java\jdk1.8.0_201
CLASSPATH=%CLASSPATH%;%JUNIT_HOME%\junit-4.12.jar;%JUNIT_HOME%\hamcrest-core-1.3.jar;.;;C:\Program Files\Java\junit-4.12\junit-4.12.jar;C:\Program Files\Java\junit-4.12\hamcrest-core-1.3.jar;.;;C:\Program Files\Java\junit-4.12\junit-4.12.jar;C:\Program Files\Java\junit-4.12\hamcrest-core-1.3.jar;.;
PATH=C:/Program Files/Java/jre1.8.0_191/bin/server;C:/Program Files/Java/jre1.8.0_191/bin;C:/Program Files/Java/jre1.8.0_191/lib/amd64;C:\Users\rafael_2\AppData\Local\Android\Sdk;C:\Users\rafael_2\AppData\Local\Android\Sdk\emulator;C:\Users\rafael_2\AppData\Local\Android\Sdk\tools\bin;C:\Users\rafael_2\AppData\Local\Android\Sdk\tools;C:\Users\rafael_2\AppData\Local\Android\Sdk\platform-tools;C:\Users\rafael_2\AppData\Local\Android\Sdk\build-tools;C:\Qt\5.13.0\msvc2017_64\bin;C:\curl-7.64.1-win64-mingw\bin;C:\Users\rafael_2\eclipse\jee-2019-03\eclipse;C:\Program Files\Java\apache-maven-3.6.1\bin;C:\Program Files\Java\gradle-5.4\bin;C:\Program Files\Java\spring-boot-cli-2.1.4.RELEASE-bin\spring-2.1.4.RELEASE\bin;C:\Program Files (x86)\Common Files\Oracle\Java\javapath;C:\Program Files\Java\jdk1.8.0_201\bin;C:\ProgramData\Oracle\Java\javapath;C:\Program Files (x86)\Intel\iCLS Client\;C:\Program Files\Intel\iCLS Client\;C:\WINDOWS\system32;C:\WINDOWS;C:\WINDOWS\System32\Wbem;C:\WINDOWS\System32\WindowsPowerShell\v1.0\;C:\Program Files (x86)\Intel\OpenCL SDK\3.0\bin\x86;C:\Program Files (x86)\Intel\OpenCL SDK\3.0\bin\x64;C:\Program Files\Intel\Intel(R) Management Engine Components\DAL;C:\Program Files\Intel\Intel(R) Management Engine Components\IPT;C:\Program Files (x86)\Intel\Intel(R) Management Engine Components\DAL;C:\Program Files (x86)\Intel\Intel(R) Management Engine Components\IPT;C:\Program Files (x86)\GtkSharp\2.12\bin;C:\Program Files (x86)\Windows Live\Shared;C:\Program Files\Git\cmd;C:\Program Files\LLVM\bin;C:\Program Files (x86)\Windows Kits\8.1\Windows Performance Toolkit\;C:\Users\rafael_2\AppData\Roaming\nvm;C:\Program Files\nodejs;;C:\Users\rafael_2\AppData\Roaming\npm;C:\Users\rafael_2\AppData\Local\Programs\Microsoft VS Code\bin;C:\Users\rafael_2\AppData\Roaming\nvm;C:\Program Files\nodejs;C:\WINDOWS\system32;
USERNAME=rafael_2
OS=Windows_NT
PROCESSOR_IDENTIFIER=Intel64 Family 6 Model 69 Stepping 1, GenuineIntel



---------------  S Y S T E M  ---------------

OS: Windows 8.1 , 64 bit Build 9600 (6.3.9600.17056)

CPU:total 4 (initial active 4) (2 cores per cpu, 2 threads per core) family 6 model 69 stepping 1, cmov, cx8, fxsr, mmx, sse, sse2, sse3, ssse3, sse4.1, sse4.2, popcnt, avx, avx2, aes, clmul, erms, lzcnt, ht, tsc, tscinvbit, bmi1, bmi2

Memory: 4k page, physical 6168856k(887728k free), swap 6168856k(4980k free)

vm_info: Java HotSpot(TM) 64-Bit Server VM (25.201-b09) for windows-amd64 JRE (1.8.0_201-b09), built on Dec 15 2018 18:36:39 by "java_re" with MS VC++ 10.0 (VS2010)

time: Wed May 20 04:15:51 2020
timezone: Hora oficial do Brasil
elapsed time: 18 seconds (0d 0h 0m 18s)

